ARM GAS  C:\Users\MARKOM~1\AppData\Local\Temp\ccFkELsg.s 			page 1


   1              		.cpu cortex-m3
   2              		.eabi_attribute 20, 1
   3              		.eabi_attribute 21, 1
   4              		.eabi_attribute 23, 3
   5              		.eabi_attribute 24, 1
   6              		.eabi_attribute 25, 1
   7              		.eabi_attribute 26, 1
   8              		.eabi_attribute 30, 1
   9              		.eabi_attribute 34, 1
  10              		.eabi_attribute 18, 4
  11              		.file	"uart_driver.c"
  12              		.text
  13              	.Ltext0:
  14              		.cfi_sections	.debug_frame
  15              		.section	.text.UART_RxTask,"ax",%progbits
  16              		.align	1
  17              		.arch armv7-m
  18              		.syntax unified
  19              		.thumb
  20              		.thumb_func
  21              		.fpu softvfp
  23              	UART_RxTask:
  24              	.LVL0:
  25              	.LFB71:
  26              		.file 1 "../Core/Src/uart_driver.c"
   1:../Core/Src/uart_driver.c **** 
  27              		.loc 1 67 1 view -0
  28              		.cfi_startproc
  29              		@ args = 0, pretend = 0, frame = 8
  30              		@ frame_needed = 0, uses_anonymous_args = 0
  31              		.loc 1 67 1 is_stmt 0 view .LVU1
  32 0000 30B5     		push	{r4, r5, lr}
  33              	.LCFI0:
  34              		.cfi_def_cfa_offset 12
  35              		.cfi_offset 4, -12
  36              		.cfi_offset 5, -8
  37              		.cfi_offset 14, -4
  38 0002 83B0     		sub	sp, sp, #12
  39              	.LCFI1:
  40              		.cfi_def_cfa_offset 24
  41 0004 0546     		mov	r5, r0
  42              		.loc 1 68 2 is_stmt 1 view .LVU2
  43              	.LVL1:
  44              	.L2:
  45              		.loc 1 70 2 discriminator 1 view .LVU3
  46              		.loc 1 71 2 discriminator 1 view .LVU4
  47              		.loc 1 73 3 discriminator 1 view .LVU5
  48 0006 ECB2     		uxtb	r4, r5
  49 0008 0122     		movs	r2, #1
  50 000a 0DF10701 		add	r1, sp, #7
  51 000e 0A4B     		ldr	r3, .L4
  52 0010 53F82400 		ldr	r0, [r3, r4, lsl #2]
  53 0014 094B     		ldr	r3, .L4+4
  54 0016 9847     		blx	r3
  55              	.LVL2:
  56              		.loc 1 74 3 discriminator 1 view .LVU6
  57 0018 4FF0FF31 		mov	r1, #-1
ARM GAS  C:\Users\MARKOM~1\AppData\Local\Temp\ccFkELsg.s 			page 2


  58 001c 0120     		movs	r0, #1
  59 001e 084B     		ldr	r3, .L4+8
  60 0020 9847     		blx	r3
  61              	.LVL3:
  62              		.loc 1 75 3 discriminator 1 view .LVU7
  63 0022 0023     		movs	r3, #0
  64 0024 4FF0FF32 		mov	r2, #-1
  65 0028 0DF10701 		add	r1, sp, #7
  66 002c 0548     		ldr	r0, .L4+12
  67 002e 50F82400 		ldr	r0, [r0, r4, lsl #2]
  68 0032 054C     		ldr	r4, .L4+16
  69 0034 A047     		blx	r4
  70              	.LVL4:
  71              		.loc 1 71 8 discriminator 1 view .LVU8
  72 0036 E6E7     		b	.L2
  73              	.L5:
  74              		.align	2
  75              	.L4:
  76 0038 00000000 		.word	.LANCHOR0
  77 003c 00000000 		.word	HAL_UART_Receive_IT
  78 0040 00000000 		.word	ulTaskNotifyTake
  79 0044 00000000 		.word	.LANCHOR1
  80 0048 00000000 		.word	xQueueGenericSend
  81              		.cfi_endproc
  82              	.LFE71:
  84              		.section	.text.UART_TxTask,"ax",%progbits
  85              		.align	1
  86              		.syntax unified
  87              		.thumb
  88              		.thumb_func
  89              		.fpu softvfp
  91              	UART_TxTask:
  92              	.LVL5:
  93              	.LFB69:
  94              		.loc 1 30 1 view -0
  95              		.cfi_startproc
  96              		@ args = 0, pretend = 0, frame = 8
  97              		@ frame_needed = 0, uses_anonymous_args = 0
  98              		.loc 1 30 1 is_stmt 0 view .LVU10
  99 0000 30B5     		push	{r4, r5, lr}
 100              	.LCFI2:
 101              		.cfi_def_cfa_offset 12
 102              		.cfi_offset 4, -12
 103              		.cfi_offset 5, -8
 104              		.cfi_offset 14, -4
 105 0002 83B0     		sub	sp, sp, #12
 106              	.LCFI3:
 107              		.cfi_def_cfa_offset 24
 108 0004 0546     		mov	r5, r0
 109              		.loc 1 31 2 is_stmt 1 view .LVU11
 110              	.LVL6:
 111              	.L7:
 112              		.loc 1 33 2 discriminator 1 view .LVU12
 113              		.loc 1 34 2 discriminator 1 view .LVU13
 114              		.loc 1 36 3 discriminator 1 view .LVU14
 115 0006 ECB2     		uxtb	r4, r5
 116 0008 4FF0FF32 		mov	r2, #-1
ARM GAS  C:\Users\MARKOM~1\AppData\Local\Temp\ccFkELsg.s 			page 3


 117 000c 0DF10701 		add	r1, sp, #7
 118 0010 094B     		ldr	r3, .L9
 119 0012 53F82400 		ldr	r0, [r3, r4, lsl #2]
 120 0016 094B     		ldr	r3, .L9+4
 121 0018 9847     		blx	r3
 122              	.LVL7:
 123              		.loc 1 37 3 discriminator 1 view .LVU15
 124 001a 0122     		movs	r2, #1
 125 001c 0DF10701 		add	r1, sp, #7
 126 0020 074B     		ldr	r3, .L9+8
 127 0022 53F82400 		ldr	r0, [r3, r4, lsl #2]
 128 0026 074B     		ldr	r3, .L9+12
 129 0028 9847     		blx	r3
 130              	.LVL8:
 131              		.loc 1 38 3 discriminator 1 view .LVU16
 132 002a 4FF0FF31 		mov	r1, #-1
 133 002e 0120     		movs	r0, #1
 134 0030 054B     		ldr	r3, .L9+16
 135 0032 9847     		blx	r3
 136              	.LVL9:
 137              		.loc 1 34 8 discriminator 1 view .LVU17
 138 0034 E7E7     		b	.L7
 139              	.L10:
 140 0036 00BF     		.align	2
 141              	.L9:
 142 0038 00000000 		.word	.LANCHOR2
 143 003c 00000000 		.word	xQueueReceive
 144 0040 00000000 		.word	.LANCHOR0
 145 0044 00000000 		.word	HAL_UART_Transmit_IT
 146 0048 00000000 		.word	ulTaskNotifyTake
 147              		.cfi_endproc
 148              	.LFE69:
 150              		.section	.text.HAL_UART_TxCpltCallback,"ax",%progbits
 151              		.align	1
 152              		.global	HAL_UART_TxCpltCallback
 153              		.syntax unified
 154              		.thumb
 155              		.thumb_func
 156              		.fpu softvfp
 158              	HAL_UART_TxCpltCallback:
 159              	.LVL10:
 160              	.LFB70:
 161              		.loc 1 43 1 view -0
 162              		.cfi_startproc
 163              		@ args = 0, pretend = 0, frame = 8
 164              		@ frame_needed = 0, uses_anonymous_args = 0
 165              		.loc 1 43 1 is_stmt 0 view .LVU19
 166 0000 10B5     		push	{r4, lr}
 167              	.LCFI4:
 168              		.cfi_def_cfa_offset 8
 169              		.cfi_offset 4, -8
 170              		.cfi_offset 14, -4
 171 0002 82B0     		sub	sp, sp, #8
 172              	.LCFI5:
 173              		.cfi_def_cfa_offset 16
 174 0004 0446     		mov	r4, r0
 175              		.loc 1 44 2 is_stmt 1 view .LVU20
ARM GAS  C:\Users\MARKOM~1\AppData\Local\Temp\ccFkELsg.s 			page 4


 176              		.loc 1 44 13 is_stmt 0 view .LVU21
 177 0006 0023     		movs	r3, #0
 178 0008 0193     		str	r3, [sp, #4]
 179              		.loc 1 46 2 is_stmt 1 view .LVU22
 180              		.loc 1 46 11 is_stmt 0 view .LVU23
 181 000a 0268     		ldr	r2, [r0]
 182              		.loc 1 46 36 view .LVU24
 183 000c 104B     		ldr	r3, .L18
 184 000e 1B68     		ldr	r3, [r3]
 185              		.loc 1 46 5 view .LVU25
 186 0010 9A42     		cmp	r2, r3
 187 0012 10D0     		beq	.L16
 188              	.LVL11:
 189              	.L12:
 190              		.loc 1 51 2 is_stmt 1 view .LVU26
 191              		.loc 1 51 11 is_stmt 0 view .LVU27
 192 0014 2268     		ldr	r2, [r4]
 193              		.loc 1 51 36 view .LVU28
 194 0016 0F4B     		ldr	r3, .L18+4
 195 0018 1B68     		ldr	r3, [r3]
 196              		.loc 1 51 5 view .LVU29
 197 001a 9A42     		cmp	r2, r3
 198 001c 11D0     		beq	.L17
 199              	.L13:
 200              		.loc 1 56 2 is_stmt 1 view .LVU30
 201 001e 019B     		ldr	r3, [sp, #4]
 202 0020 3BB1     		cbz	r3, .L11
 203              		.loc 1 56 2 discriminator 1 view .LVU31
 204 0022 0D4B     		ldr	r3, .L18+8
 205 0024 4FF08052 		mov	r2, #268435456
 206 0028 1A60     		str	r2, [r3]
 207              		.loc 1 56 2 discriminator 1 view .LVU32
 208              		.syntax unified
 209              	@ 56 "Core/Src/uart_driver.c" 1
 210 002a BFF34F8F 		dsb
 211              	@ 0 "" 2
 212              		.loc 1 56 2 discriminator 1 view .LVU33
 213              	@ 56 "Core/Src/uart_driver.c" 1
 214 002e BFF36F8F 		isb
 215              	@ 0 "" 2
 216              		.loc 1 56 27 discriminator 1 view .LVU34
 217              		.thumb
 218              		.syntax unified
 219              	.L11:
 220              		.loc 1 57 1 is_stmt 0 view .LVU35
 221 0032 02B0     		add	sp, sp, #8
 222              	.LCFI6:
 223              		.cfi_remember_state
 224              		.cfi_def_cfa_offset 8
 225              		@ sp needed
 226 0034 10BD     		pop	{r4, pc}
 227              	.LVL12:
 228              	.L16:
 229              	.LCFI7:
 230              		.cfi_restore_state
 231              		.loc 1 48 3 is_stmt 1 view .LVU36
 232 0036 01A9     		add	r1, sp, #4
ARM GAS  C:\Users\MARKOM~1\AppData\Local\Temp\ccFkELsg.s 			page 5


 233 0038 084B     		ldr	r3, .L18+12
 234 003a 5868     		ldr	r0, [r3, #4]
 235              	.LVL13:
 236              		.loc 1 48 3 is_stmt 0 view .LVU37
 237 003c 084B     		ldr	r3, .L18+16
 238 003e 9847     		blx	r3
 239              	.LVL14:
 240 0040 E8E7     		b	.L12
 241              	.L17:
 242              		.loc 1 53 3 is_stmt 1 view .LVU38
 243 0042 01A9     		add	r1, sp, #4
 244 0044 054B     		ldr	r3, .L18+12
 245 0046 1868     		ldr	r0, [r3]
 246 0048 054B     		ldr	r3, .L18+16
 247 004a 9847     		blx	r3
 248              	.LVL15:
 249 004c E7E7     		b	.L13
 250              	.L19:
 251 004e 00BF     		.align	2
 252              	.L18:
 253 0050 00000000 		.word	huart2
 254 0054 00000000 		.word	huart1
 255 0058 04ED00E0 		.word	-536810236
 256 005c 00000000 		.word	.LANCHOR3
 257 0060 00000000 		.word	vTaskNotifyGiveFromISR
 258              		.cfi_endproc
 259              	.LFE70:
 261              		.section	.text.HAL_UART_RxCpltCallback,"ax",%progbits
 262              		.align	1
 263              		.global	HAL_UART_RxCpltCallback
 264              		.syntax unified
 265              		.thumb
 266              		.thumb_func
 267              		.fpu softvfp
 269              	HAL_UART_RxCpltCallback:
 270              	.LVL16:
 271              	.LFB72:
 272              		.loc 1 80 1 view -0
 273              		.cfi_startproc
 274              		@ args = 0, pretend = 0, frame = 8
 275              		@ frame_needed = 0, uses_anonymous_args = 0
 276              		.loc 1 80 1 is_stmt 0 view .LVU40
 277 0000 10B5     		push	{r4, lr}
 278              	.LCFI8:
 279              		.cfi_def_cfa_offset 8
 280              		.cfi_offset 4, -8
 281              		.cfi_offset 14, -4
 282 0002 82B0     		sub	sp, sp, #8
 283              	.LCFI9:
 284              		.cfi_def_cfa_offset 16
 285 0004 0446     		mov	r4, r0
 286              		.loc 1 81 2 is_stmt 1 view .LVU41
 287              		.loc 1 81 13 is_stmt 0 view .LVU42
 288 0006 0023     		movs	r3, #0
 289 0008 0193     		str	r3, [sp, #4]
 290              		.loc 1 83 2 is_stmt 1 view .LVU43
 291              		.loc 1 83 11 is_stmt 0 view .LVU44
ARM GAS  C:\Users\MARKOM~1\AppData\Local\Temp\ccFkELsg.s 			page 6


 292 000a 0268     		ldr	r2, [r0]
 293              		.loc 1 83 36 view .LVU45
 294 000c 104B     		ldr	r3, .L27
 295 000e 1B68     		ldr	r3, [r3]
 296              		.loc 1 83 5 view .LVU46
 297 0010 9A42     		cmp	r2, r3
 298 0012 10D0     		beq	.L25
 299              	.LVL17:
 300              	.L21:
 301              		.loc 1 88 2 is_stmt 1 view .LVU47
 302              		.loc 1 88 11 is_stmt 0 view .LVU48
 303 0014 2268     		ldr	r2, [r4]
 304              		.loc 1 88 36 view .LVU49
 305 0016 0F4B     		ldr	r3, .L27+4
 306 0018 1B68     		ldr	r3, [r3]
 307              		.loc 1 88 5 view .LVU50
 308 001a 9A42     		cmp	r2, r3
 309 001c 11D0     		beq	.L26
 310              	.L22:
 311              		.loc 1 93 2 is_stmt 1 view .LVU51
 312 001e 019B     		ldr	r3, [sp, #4]
 313 0020 3BB1     		cbz	r3, .L20
 314              		.loc 1 93 2 discriminator 1 view .LVU52
 315 0022 0D4B     		ldr	r3, .L27+8
 316 0024 4FF08052 		mov	r2, #268435456
 317 0028 1A60     		str	r2, [r3]
 318              		.loc 1 93 2 discriminator 1 view .LVU53
 319              		.syntax unified
 320              	@ 93 "Core/Src/uart_driver.c" 1
 321 002a BFF34F8F 		dsb
 322              	@ 0 "" 2
 323              		.loc 1 93 2 discriminator 1 view .LVU54
 324              	@ 93 "Core/Src/uart_driver.c" 1
 325 002e BFF36F8F 		isb
 326              	@ 0 "" 2
 327              		.loc 1 93 27 discriminator 1 view .LVU55
 328              		.thumb
 329              		.syntax unified
 330              	.L20:
 331              		.loc 1 94 1 is_stmt 0 view .LVU56
 332 0032 02B0     		add	sp, sp, #8
 333              	.LCFI10:
 334              		.cfi_remember_state
 335              		.cfi_def_cfa_offset 8
 336              		@ sp needed
 337 0034 10BD     		pop	{r4, pc}
 338              	.LVL18:
 339              	.L25:
 340              	.LCFI11:
 341              		.cfi_restore_state
 342              		.loc 1 85 3 is_stmt 1 view .LVU57
 343 0036 01A9     		add	r1, sp, #4
 344 0038 084B     		ldr	r3, .L27+12
 345 003a 5868     		ldr	r0, [r3, #4]
 346              	.LVL19:
 347              		.loc 1 85 3 is_stmt 0 view .LVU58
 348 003c 084B     		ldr	r3, .L27+16
ARM GAS  C:\Users\MARKOM~1\AppData\Local\Temp\ccFkELsg.s 			page 7


 349 003e 9847     		blx	r3
 350              	.LVL20:
 351 0040 E8E7     		b	.L21
 352              	.L26:
 353              		.loc 1 90 3 is_stmt 1 view .LVU59
 354 0042 01A9     		add	r1, sp, #4
 355 0044 054B     		ldr	r3, .L27+12
 356 0046 1868     		ldr	r0, [r3]
 357 0048 054B     		ldr	r3, .L27+16
 358 004a 9847     		blx	r3
 359              	.LVL21:
 360 004c E7E7     		b	.L22
 361              	.L28:
 362 004e 00BF     		.align	2
 363              	.L27:
 364 0050 00000000 		.word	huart2
 365 0054 00000000 		.word	huart1
 366 0058 04ED00E0 		.word	-536810236
 367 005c 00000000 		.word	.LANCHOR4
 368 0060 00000000 		.word	vTaskNotifyGiveFromISR
 369              		.cfi_endproc
 370              	.LFE72:
 372              		.section	.rodata.UART_Init.str1.4,"aMS",%progbits,1
 373              		.align	2
 374              	.LC0:
 375 0000 7472616E 		.ascii	"transmitTask_MCU\000"
 375      736D6974 
 375      5461736B 
 375      5F4D4355 
 375      00
 376 0011 000000   		.align	2
 377              	.LC1:
 378 0014 7472616E 		.ascii	"transmitTask_VTE\000"
 378      736D6974 
 378      5461736B 
 378      5F565445 
 378      00
 379 0025 000000   		.align	2
 380              	.LC2:
 381 0028 72656365 		.ascii	"receiveTask_MCU\000"
 381      69766554 
 381      61736B5F 
 381      4D435500 
 382              		.align	2
 383              	.LC3:
 384 0038 72656365 		.ascii	"receiveTask_VTE\000"
 384      69766554 
 384      61736B5F 
 384      56544500 
 385              		.section	.text.UART_Init,"ax",%progbits
 386              		.align	1
 387              		.global	UART_Init
 388              		.syntax unified
 389              		.thumb
 390              		.thumb_func
 391              		.fpu softvfp
 393              	UART_Init:
ARM GAS  C:\Users\MARKOM~1\AppData\Local\Temp\ccFkELsg.s 			page 8


 394              	.LFB73:
 395              		.loc 1 100 1 view -0
 396              		.cfi_startproc
 397              		@ args = 0, pretend = 0, frame = 0
 398              		@ frame_needed = 0, uses_anonymous_args = 0
 399 0000 2DE9F04F 		push	{r4, r5, r6, r7, r8, r9, r10, fp, lr}
 400              	.LCFI12:
 401              		.cfi_def_cfa_offset 36
 402              		.cfi_offset 4, -36
 403              		.cfi_offset 5, -32
 404              		.cfi_offset 6, -28
 405              		.cfi_offset 7, -24
 406              		.cfi_offset 8, -20
 407              		.cfi_offset 9, -16
 408              		.cfi_offset 10, -12
 409              		.cfi_offset 11, -8
 410              		.cfi_offset 14, -4
 411 0004 83B0     		sub	sp, sp, #12
 412              	.LCFI13:
 413              		.cfi_def_cfa_offset 48
 414              		.loc 1 102 2 view .LVU61
 415 0006 DFF8E890 		ldr	r9, .L31+36
 416 000a DFF8E8B0 		ldr	fp, .L31+40
 417 000e 0BF10403 		add	r3, fp, #4
 418 0012 0193     		str	r3, [sp, #4]
 419 0014 4FF0040A 		mov	r10, #4
 420 0018 CDF800A0 		str	r10, [sp]
 421 001c 0123     		movs	r3, #1
 422 001e 4022     		movs	r2, #64
 423 0020 2A49     		ldr	r1, .L31
 424 0022 4846     		mov	r0, r9
 425 0024 2A4E     		ldr	r6, .L31+4
 426 0026 B047     		blx	r6
 427              	.LVL22:
 428              		.loc 1 104 2 view .LVU62
 429              		.loc 1 104 28 is_stmt 0 view .LVU63
 430 0028 0022     		movs	r2, #0
 431 002a 0121     		movs	r1, #1
 432 002c 4020     		movs	r0, #64
 433 002e 294D     		ldr	r5, .L31+8
 434 0030 A847     		blx	r5
 435              	.LVL23:
 436              		.loc 1 104 26 view .LVU64
 437 0032 DFF8C480 		ldr	r8, .L31+44
 438 0036 C8F80400 		str	r0, [r8, #4]
 439              		.loc 1 105 2 is_stmt 1 view .LVU65
 440              		.loc 1 105 28 is_stmt 0 view .LVU66
 441 003a 0120     		movs	r0, #1
 442 003c 264C     		ldr	r4, .L31+12
 443 003e A047     		blx	r4
 444              	.LVL24:
 445              		.loc 1 105 26 view .LVU67
 446 0040 264F     		ldr	r7, .L31+16
 447 0042 7860     		str	r0, [r7, #4]
 448              		.loc 1 107 2 is_stmt 1 view .LVU68
 449 0044 CDF804B0 		str	fp, [sp, #4]
 450 0048 CDF800A0 		str	r10, [sp]
ARM GAS  C:\Users\MARKOM~1\AppData\Local\Temp\ccFkELsg.s 			page 9


 451 004c 0023     		movs	r3, #0
 452 004e 4022     		movs	r2, #64
 453 0050 2349     		ldr	r1, .L31+20
 454 0052 4846     		mov	r0, r9
 455 0054 B047     		blx	r6
 456              	.LVL25:
 457              		.loc 1 109 2 view .LVU69
 458              		.loc 1 109 28 is_stmt 0 view .LVU70
 459 0056 0022     		movs	r2, #0
 460 0058 0121     		movs	r1, #1
 461 005a 4020     		movs	r0, #64
 462 005c A847     		blx	r5
 463              	.LVL26:
 464              		.loc 1 109 26 view .LVU71
 465 005e C8F80000 		str	r0, [r8]
 466              		.loc 1 110 2 is_stmt 1 view .LVU72
 467              		.loc 1 110 28 is_stmt 0 view .LVU73
 468 0062 0120     		movs	r0, #1
 469 0064 A047     		blx	r4
 470              	.LVL27:
 471              		.loc 1 110 26 view .LVU74
 472 0066 3860     		str	r0, [r7]
 473              		.loc 1 113 2 is_stmt 1 view .LVU75
 474 0068 DFF89090 		ldr	r9, .L31+48
 475 006c DFF890B0 		ldr	fp, .L31+52
 476 0070 0BEB0A03 		add	r3, fp, r10
 477 0074 0193     		str	r3, [sp, #4]
 478 0076 4FF0140A 		mov	r10, #20
 479 007a CDF800A0 		str	r10, [sp]
 480 007e 0123     		movs	r3, #1
 481 0080 4022     		movs	r2, #64
 482 0082 1849     		ldr	r1, .L31+24
 483 0084 4846     		mov	r0, r9
 484 0086 B047     		blx	r6
 485              	.LVL28:
 486              		.loc 1 115 2 view .LVU76
 487              		.loc 1 115 28 is_stmt 0 view .LVU77
 488 0088 0022     		movs	r2, #0
 489 008a 0121     		movs	r1, #1
 490 008c 4020     		movs	r0, #64
 491 008e A847     		blx	r5
 492              	.LVL29:
 493              		.loc 1 115 26 view .LVU78
 494 0090 DFF87080 		ldr	r8, .L31+56
 495 0094 C8F80400 		str	r0, [r8, #4]
 496              		.loc 1 116 2 is_stmt 1 view .LVU79
 497              		.loc 1 116 28 is_stmt 0 view .LVU80
 498 0098 0120     		movs	r0, #1
 499 009a A047     		blx	r4
 500              	.LVL30:
 501              		.loc 1 116 26 view .LVU81
 502 009c 124F     		ldr	r7, .L31+28
 503 009e 7860     		str	r0, [r7, #4]
 504              		.loc 1 118 2 is_stmt 1 view .LVU82
 505 00a0 CDF804B0 		str	fp, [sp, #4]
 506 00a4 CDF800A0 		str	r10, [sp]
 507 00a8 0023     		movs	r3, #0
ARM GAS  C:\Users\MARKOM~1\AppData\Local\Temp\ccFkELsg.s 			page 10


 508 00aa 4022     		movs	r2, #64
 509 00ac 0F49     		ldr	r1, .L31+32
 510 00ae 4846     		mov	r0, r9
 511 00b0 B047     		blx	r6
 512              	.LVL31:
 513              		.loc 1 120 2 view .LVU83
 514              		.loc 1 120 28 is_stmt 0 view .LVU84
 515 00b2 0022     		movs	r2, #0
 516 00b4 0121     		movs	r1, #1
 517 00b6 4020     		movs	r0, #64
 518 00b8 A847     		blx	r5
 519              	.LVL32:
 520              		.loc 1 120 26 view .LVU85
 521 00ba C8F80000 		str	r0, [r8]
 522              		.loc 1 121 2 is_stmt 1 view .LVU86
 523              		.loc 1 121 28 is_stmt 0 view .LVU87
 524 00be 0120     		movs	r0, #1
 525 00c0 A047     		blx	r4
 526              	.LVL33:
 527              		.loc 1 121 26 view .LVU88
 528 00c2 3860     		str	r0, [r7]
 529              		.loc 1 122 1 view .LVU89
 530 00c4 03B0     		add	sp, sp, #12
 531              	.LCFI14:
 532              		.cfi_def_cfa_offset 36
 533              		@ sp needed
 534 00c6 BDE8F08F 		pop	{r4, r5, r6, r7, r8, r9, r10, fp, pc}
 535              	.L32:
 536 00ca 00BF     		.align	2
 537              	.L31:
 538 00cc 00000000 		.word	.LC0
 539 00d0 00000000 		.word	xTaskCreate
 540 00d4 00000000 		.word	xQueueGenericCreate
 541 00d8 00000000 		.word	xQueueCreateMutex
 542 00dc 00000000 		.word	.LANCHOR5
 543 00e0 14000000 		.word	.LC1
 544 00e4 28000000 		.word	.LC2
 545 00e8 00000000 		.word	.LANCHOR6
 546 00ec 38000000 		.word	.LC3
 547 00f0 00000000 		.word	UART_TxTask
 548 00f4 00000000 		.word	.LANCHOR3
 549 00f8 00000000 		.word	.LANCHOR2
 550 00fc 00000000 		.word	UART_RxTask
 551 0100 00000000 		.word	.LANCHOR4
 552 0104 00000000 		.word	.LANCHOR1
 553              		.cfi_endproc
 554              	.LFE73:
 556              		.section	.text.UART_AsyncTxString,"ax",%progbits
 557              		.align	1
 558              		.global	UART_AsyncTxString
 559              		.syntax unified
 560              		.thumb
 561              		.thumb_func
 562              		.fpu softvfp
 564              	UART_AsyncTxString:
 565              	.LVL34:
 566              	.LFB74:
ARM GAS  C:\Users\MARKOM~1\AppData\Local\Temp\ccFkELsg.s 			page 11


 567              		.loc 1 128 1 is_stmt 1 view -0
 568              		.cfi_startproc
 569              		@ args = 0, pretend = 0, frame = 0
 570              		@ frame_needed = 0, uses_anonymous_args = 0
 571              		.loc 1 129 2 view .LVU91
 572              		.loc 1 129 5 is_stmt 0 view .LVU92
 573 0000 31B3     		cbz	r1, .L38
 574              		.loc 1 128 1 view .LVU93
 575 0002 2DE9F041 		push	{r4, r5, r6, r7, r8, lr}
 576              	.LCFI15:
 577              		.cfi_def_cfa_offset 24
 578              		.cfi_offset 4, -24
 579              		.cfi_offset 5, -20
 580              		.cfi_offset 6, -16
 581              		.cfi_offset 7, -12
 582              		.cfi_offset 8, -8
 583              		.cfi_offset 14, -4
 584 0006 8046     		mov	r8, r0
 585 0008 0D46     		mov	r5, r1
 586              		.loc 1 131 3 is_stmt 1 view .LVU94
 587 000a 0746     		mov	r7, r0
 588 000c 4FF0FF31 		mov	r1, #-1
 589              	.LVL35:
 590              		.loc 1 131 3 is_stmt 0 view .LVU95
 591 0010 104B     		ldr	r3, .L41
 592 0012 53F82000 		ldr	r0, [r3, r0, lsl #2]
 593              	.LVL36:
 594              		.loc 1 131 3 view .LVU96
 595 0016 104B     		ldr	r3, .L41+4
 596 0018 9847     		blx	r3
 597              	.LVL37:
 598              		.loc 1 133 3 is_stmt 1 view .LVU97
 599              	.LBB2:
 600              		.loc 1 133 8 view .LVU98
 601              		.loc 1 133 17 is_stmt 0 view .LVU99
 602 001a 0024     		movs	r4, #0
 603              		.loc 1 133 3 view .LVU100
 604 001c 09E0     		b	.L35
 605              	.LVL38:
 606              	.L36:
 607              		.loc 1 135 4 is_stmt 1 discriminator 3 view .LVU101
 608 001e 0023     		movs	r3, #0
 609 0020 4FF0FF32 		mov	r2, #-1
 610 0024 2919     		adds	r1, r5, r4
 611 0026 0D4E     		ldr	r6, .L41+8
 612 0028 56F82700 		ldr	r0, [r6, r7, lsl #2]
 613 002c 0C4E     		ldr	r6, .L41+12
 614 002e B047     		blx	r6
 615              	.LVL39:
 616              		.loc 1 133 44 discriminator 3 view .LVU102
 617              		.loc 1 133 45 is_stmt 0 discriminator 3 view .LVU103
 618 0030 0134     		adds	r4, r4, #1
 619              	.LVL40:
 620              	.L35:
 621              		.loc 1 133 24 is_stmt 1 discriminator 1 view .LVU104
 622              		.loc 1 133 28 is_stmt 0 discriminator 1 view .LVU105
 623 0032 2846     		mov	r0, r5
ARM GAS  C:\Users\MARKOM~1\AppData\Local\Temp\ccFkELsg.s 			page 12


 624 0034 0B4B     		ldr	r3, .L41+16
 625 0036 9847     		blx	r3
 626              	.LVL41:
 627              		.loc 1 133 3 discriminator 1 view .LVU106
 628 0038 A042     		cmp	r0, r4
 629 003a F0D8     		bhi	.L36
 630              	.LBE2:
 631              		.loc 1 139 3 is_stmt 1 view .LVU107
 632 003c 0023     		movs	r3, #0
 633 003e 1A46     		mov	r2, r3
 634 0040 1946     		mov	r1, r3
 635 0042 0448     		ldr	r0, .L41
 636 0044 50F82800 		ldr	r0, [r0, r8, lsl #2]
 637 0048 054C     		ldr	r4, .L41+12
 638              	.LVL42:
 639              		.loc 1 139 3 is_stmt 0 view .LVU108
 640 004a A047     		blx	r4
 641              	.LVL43:
 642              		.loc 1 141 1 view .LVU109
 643 004c BDE8F081 		pop	{r4, r5, r6, r7, r8, pc}
 644              	.LVL44:
 645              	.L38:
 646              	.LCFI16:
 647              		.cfi_def_cfa_offset 0
 648              		.cfi_restore 4
 649              		.cfi_restore 5
 650              		.cfi_restore 6
 651              		.cfi_restore 7
 652              		.cfi_restore 8
 653              		.cfi_restore 14
 654              		.loc 1 141 1 view .LVU110
 655 0050 7047     		bx	lr
 656              	.L42:
 657 0052 00BF     		.align	2
 658              	.L41:
 659 0054 00000000 		.word	.LANCHOR5
 660 0058 00000000 		.word	xQueueSemaphoreTake
 661 005c 00000000 		.word	.LANCHOR2
 662 0060 00000000 		.word	xQueueGenericSend
 663 0064 00000000 		.word	strlen
 664              		.cfi_endproc
 665              	.LFE74:
 667              		.section	.text.UART_AsyncTxMotorCommand,"ax",%progbits
 668              		.align	1
 669              		.global	UART_AsyncTxMotorCommand
 670              		.syntax unified
 671              		.thumb
 672              		.thumb_func
 673              		.fpu softvfp
 675              	UART_AsyncTxMotorCommand:
 676              	.LVL45:
 677              	.LFB75:
 678              		.loc 1 144 1 is_stmt 1 view -0
 679              		.cfi_startproc
 680              		@ args = 0, pretend = 0, frame = 8
 681              		@ frame_needed = 0, uses_anonymous_args = 0
 682              		.loc 1 144 1 is_stmt 0 view .LVU112
ARM GAS  C:\Users\MARKOM~1\AppData\Local\Temp\ccFkELsg.s 			page 13


 683 0000 F0B5     		push	{r4, r5, r6, r7, lr}
 684              	.LCFI17:
 685              		.cfi_def_cfa_offset 20
 686              		.cfi_offset 4, -20
 687              		.cfi_offset 5, -16
 688              		.cfi_offset 6, -12
 689              		.cfi_offset 7, -8
 690              		.cfi_offset 14, -4
 691 0002 83B0     		sub	sp, sp, #12
 692              	.LCFI18:
 693              		.cfi_def_cfa_offset 32
 694 0004 0446     		mov	r4, r0
 695 0006 ADF80410 		strh	r1, [sp, #4]	@ movhi
 696              		.loc 1 145 2 is_stmt 1 view .LVU113
 697 000a 104E     		ldr	r6, .L45
 698 000c 4FF0FF31 		mov	r1, #-1
 699 0010 56F82000 		ldr	r0, [r6, r0, lsl #2]
 700              	.LVL46:
 701              		.loc 1 145 2 is_stmt 0 view .LVU114
 702 0014 0E4B     		ldr	r3, .L45+4
 703 0016 9847     		blx	r3
 704              	.LVL47:
 705              		.loc 1 147 2 is_stmt 1 view .LVU115
 706 0018 0E4F     		ldr	r7, .L45+8
 707 001a 0023     		movs	r3, #0
 708 001c 4FF0FF32 		mov	r2, #-1
 709 0020 01A9     		add	r1, sp, #4
 710 0022 57F82400 		ldr	r0, [r7, r4, lsl #2]
 711 0026 0C4D     		ldr	r5, .L45+12
 712 0028 A847     		blx	r5
 713              	.LVL48:
 714              		.loc 1 149 2 view .LVU116
 715 002a 0023     		movs	r3, #0
 716 002c 4FF0FF32 		mov	r2, #-1
 717 0030 0DF10501 		add	r1, sp, #5
 718 0034 57F82400 		ldr	r0, [r7, r4, lsl #2]
 719 0038 A847     		blx	r5
 720              	.LVL49:
 721              		.loc 1 152 2 view .LVU117
 722 003a 0023     		movs	r3, #0
 723 003c 1A46     		mov	r2, r3
 724 003e 1946     		mov	r1, r3
 725 0040 56F82400 		ldr	r0, [r6, r4, lsl #2]
 726 0044 A847     		blx	r5
 727              	.LVL50:
 728              		.loc 1 153 1 is_stmt 0 view .LVU118
 729 0046 03B0     		add	sp, sp, #12
 730              	.LCFI19:
 731              		.cfi_def_cfa_offset 20
 732              		@ sp needed
 733 0048 F0BD     		pop	{r4, r5, r6, r7, pc}
 734              	.L46:
 735 004a 00BF     		.align	2
 736              	.L45:
 737 004c 00000000 		.word	.LANCHOR5
 738 0050 00000000 		.word	xQueueSemaphoreTake
 739 0054 00000000 		.word	.LANCHOR2
ARM GAS  C:\Users\MARKOM~1\AppData\Local\Temp\ccFkELsg.s 			page 14


 740 0058 00000000 		.word	xQueueGenericSend
 741              		.cfi_endproc
 742              	.LFE75:
 744              		.section	.text.UART_BlockRxString,"ax",%progbits
 745              		.align	1
 746              		.global	UART_BlockRxString
 747              		.syntax unified
 748              		.thumb
 749              		.thumb_func
 750              		.fpu softvfp
 752              	UART_BlockRxString:
 753              	.LVL51:
 754              	.LFB76:
 755              		.loc 1 159 1 is_stmt 1 view -0
 756              		.cfi_startproc
 757              		@ args = 0, pretend = 0, frame = 8
 758              		@ frame_needed = 0, uses_anonymous_args = 0
 759              		.loc 1 159 1 is_stmt 0 view .LVU120
 760 0000 70B5     		push	{r4, r5, r6, lr}
 761              	.LCFI20:
 762              		.cfi_def_cfa_offset 16
 763              		.cfi_offset 4, -16
 764              		.cfi_offset 5, -12
 765              		.cfi_offset 6, -8
 766              		.cfi_offset 14, -4
 767 0002 82B0     		sub	sp, sp, #8
 768              	.LCFI21:
 769              		.cfi_def_cfa_offset 24
 770 0004 0546     		mov	r5, r0
 771              		.loc 1 160 2 is_stmt 1 view .LVU121
 772 0006 4FF0FF31 		mov	r1, #-1
 773 000a 174B     		ldr	r3, .L53
 774 000c 53F82000 		ldr	r0, [r3, r0, lsl #2]
 775              	.LVL52:
 776              		.loc 1 160 2 is_stmt 0 view .LVU122
 777 0010 164B     		ldr	r3, .L53+4
 778 0012 9847     		blx	r3
 779              	.LVL53:
 780              		.loc 1 162 2 is_stmt 1 view .LVU123
 781              		.loc 1 162 17 is_stmt 0 view .LVU124
 782 0014 4020     		movs	r0, #64
 783 0016 164B     		ldr	r3, .L53+8
 784 0018 9847     		blx	r3
 785              	.LVL54:
 786              		.loc 1 164 2 is_stmt 1 view .LVU125
 787              		.loc 1 164 5 is_stmt 0 view .LVU126
 788 001a 0646     		mov	r6, r0
 789 001c C8B1     		cbz	r0, .L48
 790              	.LBB3:
 791              		.loc 1 166 3 is_stmt 1 view .LVU127
 792              	.LVL55:
 793              		.loc 1 168 3 view .LVU128
 794              		.loc 1 168 8 is_stmt 0 view .LVU129
 795 001e 0024     		movs	r4, #0
 796 0020 8DF80740 		strb	r4, [sp, #7]
 797              		.loc 1 169 3 is_stmt 1 view .LVU130
 798              		.loc 1 169 9 is_stmt 0 view .LVU131
ARM GAS  C:\Users\MARKOM~1\AppData\Local\Temp\ccFkELsg.s 			page 15


 799 0024 0CE0     		b	.L49
 800              	.LVL56:
 801              	.L51:
 802              		.loc 1 171 4 is_stmt 1 view .LVU132
 803 0026 4FF0FF32 		mov	r2, #-1
 804 002a 0DF10701 		add	r1, sp, #7
 805 002e 114B     		ldr	r3, .L53+12
 806 0030 53F82500 		ldr	r0, [r3, r5, lsl #2]
 807 0034 104B     		ldr	r3, .L53+16
 808 0036 9847     		blx	r3
 809              	.LVL57:
 810              		.loc 1 173 4 view .LVU133
 811              		.loc 1 173 20 is_stmt 0 view .LVU134
 812 0038 9DF80730 		ldrb	r3, [sp, #7]	@ zero_extendqisi2
 813 003c 3355     		strb	r3, [r6, r4]
 814              		.loc 1 173 16 view .LVU135
 815 003e 0134     		adds	r4, r4, #1
 816              	.LVL58:
 817              	.L49:
 818              		.loc 1 169 9 is_stmt 1 view .LVU136
 819              		.loc 1 169 20 is_stmt 0 view .LVU137
 820 0040 9DF80730 		ldrb	r3, [sp, #7]	@ zero_extendqisi2
 821              		.loc 1 169 9 view .LVU138
 822 0044 0D2B     		cmp	r3, #13
 823 0046 01D0     		beq	.L50
 824              		.loc 1 169 28 discriminator 1 view .LVU139
 825 0048 3F2C     		cmp	r4, #63
 826 004a ECD9     		bls	.L51
 827              	.L50:
 828              		.loc 1 176 3 is_stmt 1 view .LVU140
 829              		.loc 1 176 19 is_stmt 0 view .LVU141
 830 004c 013C     		subs	r4, r4, #1
 831              	.LVL59:
 832              		.loc 1 176 19 view .LVU142
 833 004e 0023     		movs	r3, #0
 834 0050 3355     		strb	r3, [r6, r4]
 835              	.LVL60:
 836              	.L48:
 837              		.loc 1 176 19 view .LVU143
 838              	.LBE3:
 839              		.loc 1 179 2 is_stmt 1 view .LVU144
 840 0052 0023     		movs	r3, #0
 841 0054 1A46     		mov	r2, r3
 842 0056 1946     		mov	r1, r3
 843 0058 0348     		ldr	r0, .L53
 844 005a 50F82500 		ldr	r0, [r0, r5, lsl #2]
 845 005e 074C     		ldr	r4, .L53+20
 846 0060 A047     		blx	r4
 847              	.LVL61:
 848              		.loc 1 181 2 view .LVU145
 849              		.loc 1 182 1 is_stmt 0 view .LVU146
 850 0062 3046     		mov	r0, r6
 851 0064 02B0     		add	sp, sp, #8
 852              	.LCFI22:
 853              		.cfi_def_cfa_offset 16
 854              		@ sp needed
 855 0066 70BD     		pop	{r4, r5, r6, pc}
ARM GAS  C:\Users\MARKOM~1\AppData\Local\Temp\ccFkELsg.s 			page 16


 856              	.LVL62:
 857              	.L54:
 858              		.loc 1 182 1 view .LVU147
 859              		.align	2
 860              	.L53:
 861 0068 00000000 		.word	.LANCHOR6
 862 006c 00000000 		.word	xQueueSemaphoreTake
 863 0070 00000000 		.word	pvPortMalloc
 864 0074 00000000 		.word	.LANCHOR1
 865 0078 00000000 		.word	xQueueReceive
 866 007c 00000000 		.word	xQueueGenericSend
 867              		.cfi_endproc
 868              	.LFE76:
 870              		.section	.text.UART_BlockRxMotorCommand,"ax",%progbits
 871              		.align	1
 872              		.global	UART_BlockRxMotorCommand
 873              		.syntax unified
 874              		.thumb
 875              		.thumb_func
 876              		.fpu softvfp
 878              	UART_BlockRxMotorCommand:
 879              	.LVL63:
 880              	.LFB77:
 881              		.loc 1 185 1 is_stmt 1 view -0
 882              		.cfi_startproc
 883              		@ args = 0, pretend = 0, frame = 8
 884              		@ frame_needed = 0, uses_anonymous_args = 0
 885              		.loc 1 185 1 is_stmt 0 view .LVU149
 886 0000 F0B5     		push	{r4, r5, r6, r7, lr}
 887              	.LCFI23:
 888              		.cfi_def_cfa_offset 20
 889              		.cfi_offset 4, -20
 890              		.cfi_offset 5, -16
 891              		.cfi_offset 6, -12
 892              		.cfi_offset 7, -8
 893              		.cfi_offset 14, -4
 894 0002 83B0     		sub	sp, sp, #12
 895              	.LCFI24:
 896              		.cfi_def_cfa_offset 32
 897 0004 0446     		mov	r4, r0
 898              		.loc 1 186 2 is_stmt 1 view .LVU150
 899 0006 144D     		ldr	r5, .L57
 900 0008 4FF0FF31 		mov	r1, #-1
 901 000c 55F82000 		ldr	r0, [r5, r0, lsl #2]
 902              	.LVL64:
 903              		.loc 1 186 2 is_stmt 0 view .LVU151
 904 0010 124B     		ldr	r3, .L57+4
 905 0012 9847     		blx	r3
 906              	.LVL65:
 907              		.loc 1 188 2 is_stmt 1 view .LVU152
 908              		.loc 1 190 2 view .LVU153
 909 0014 124F     		ldr	r7, .L57+8
 910 0016 4FF0FF32 		mov	r2, #-1
 911 001a 6946     		mov	r1, sp
 912 001c 57F82400 		ldr	r0, [r7, r4, lsl #2]
 913 0020 104E     		ldr	r6, .L57+12
 914 0022 B047     		blx	r6
ARM GAS  C:\Users\MARKOM~1\AppData\Local\Temp\ccFkELsg.s 			page 17


 915              	.LVL66:
 916              		.loc 1 192 2 view .LVU154
 917 0024 4FF0FF32 		mov	r2, #-1
 918 0028 0DF10101 		add	r1, sp, #1
 919 002c 57F82400 		ldr	r0, [r7, r4, lsl #2]
 920 0030 B047     		blx	r6
 921              	.LVL67:
 922              		.loc 1 195 2 view .LVU155
 923 0032 0023     		movs	r3, #0
 924 0034 1A46     		mov	r2, r3
 925 0036 1946     		mov	r1, r3
 926 0038 55F82400 		ldr	r0, [r5, r4, lsl #2]
 927 003c 0A4C     		ldr	r4, .L57+16
 928 003e A047     		blx	r4
 929              	.LVL68:
 930              		.loc 1 197 2 view .LVU156
 931              		.loc 1 197 9 is_stmt 0 view .LVU157
 932 0040 BDF80030 		ldrh	r3, [sp]
 933 0044 0020     		movs	r0, #0
 934 0046 DAB2     		uxtb	r2, r3
 935 0048 62F30700 		bfi	r0, r2, #0, #8
 936 004c C3F30723 		ubfx	r3, r3, #8, #8
 937 0050 63F30F20 		bfi	r0, r3, #8, #8
 938              		.loc 1 198 1 view .LVU158
 939 0054 03B0     		add	sp, sp, #12
 940              	.LCFI25:
 941              		.cfi_def_cfa_offset 20
 942              		@ sp needed
 943 0056 F0BD     		pop	{r4, r5, r6, r7, pc}
 944              	.L58:
 945              		.align	2
 946              	.L57:
 947 0058 00000000 		.word	.LANCHOR6
 948 005c 00000000 		.word	xQueueSemaphoreTake
 949 0060 00000000 		.word	.LANCHOR1
 950 0064 00000000 		.word	xQueueReceive
 951 0068 00000000 		.word	xQueueGenericSend
 952              		.cfi_endproc
 953              	.LFE77:
 955              		.section	.bss.UART_RxMutexHandle,"aw",%nobits
 956              		.align	2
 957              		.set	.LANCHOR6,. + 0
 960              	UART_RxMutexHandle:
 961 0000 00000000 		.space	8
 961      00000000 
 962              		.section	.bss.UART_RxQueueHandle,"aw",%nobits
 963              		.align	2
 964              		.set	.LANCHOR1,. + 0
 967              	UART_RxQueueHandle:
 968 0000 00000000 		.space	8
 968      00000000 
 969              		.section	.bss.UART_RxTaskHandle,"aw",%nobits
 970              		.align	2
 971              		.set	.LANCHOR4,. + 0
 974              	UART_RxTaskHandle:
 975 0000 00000000 		.space	8
 975      00000000 
ARM GAS  C:\Users\MARKOM~1\AppData\Local\Temp\ccFkELsg.s 			page 18


 976              		.section	.bss.UART_TxMutexHandle,"aw",%nobits
 977              		.align	2
 978              		.set	.LANCHOR5,. + 0
 981              	UART_TxMutexHandle:
 982 0000 00000000 		.space	8
 982      00000000 
 983              		.section	.bss.UART_TxQueueHandle,"aw",%nobits
 984              		.align	2
 985              		.set	.LANCHOR2,. + 0
 988              	UART_TxQueueHandle:
 989 0000 00000000 		.space	8
 989      00000000 
 990              		.section	.bss.UART_TxTaskHandle,"aw",%nobits
 991              		.align	2
 992              		.set	.LANCHOR3,. + 0
 995              	UART_TxTaskHandle:
 996 0000 00000000 		.space	8
 996      00000000 
 997              		.section	.rodata.phuart,"a"
 998              		.align	2
 999              		.set	.LANCHOR0,. + 0
 1002              	phuart:
 1003 0000 00000000 		.word	huart1
 1004 0004 00000000 		.word	huart2
 1005              		.text
 1006              	.Letext0:
 1007              		.file 2 "../c:\\users\\marko micovic\\desktop\\gnu mcu\\arm-none-eabi-gcc-9.3.1-1.1\\arm-none-eabi
 1008              		.file 3 "../c:\\users\\marko micovic\\desktop\\gnu mcu\\arm-none-eabi-gcc-9.3.1-1.1\\arm-none-eabi
 1009              		.file 4 "../Core/Inc/work.h"
 1010              		.file 5 "../Core/Inc/uart_driver.h"
 1011              		.file 6 "../Middlewares/Third_Party/FreeRTOS/Source/portable/GCC/ARM_CM3/portmacro.h"
 1012              		.file 7 "../Middlewares/Third_Party/FreeRTOS/Source/include/task.h"
 1013              		.file 8 "../Middlewares/Third_Party/FreeRTOS/Source/include/queue.h"
 1014              		.file 9 "../Middlewares/Third_Party/FreeRTOS/Source/include/semphr.h"
 1015              		.file 10 "../c:\\users\\marko micovic\\desktop\\gnu mcu\\arm-none-eabi-gcc-9.3.1-1.1\\lib\\gcc\\ar
 1016              		.file 11 "../c:\\users\\marko micovic\\desktop\\gnu mcu\\arm-none-eabi-gcc-9.3.1-1.1\\arm-none-eab
 1017              		.file 12 "../c:\\users\\marko micovic\\desktop\\gnu mcu\\arm-none-eabi-gcc-9.3.1-1.1\\arm-none-eab
 1018              		.file 13 "../c:\\users\\marko micovic\\desktop\\gnu mcu\\arm-none-eabi-gcc-9.3.1-1.1\\arm-none-eab
 1019              		.file 14 "../Core/Inc/FreeRTOSConfig.h"
 1020              		.file 15 "../Drivers/CMSIS/Include/core_cm3.h"
 1021              		.file 16 "../Drivers/CMSIS/Device/ST/STM32F1xx/Include/system_stm32f1xx.h"
 1022              		.file 17 "../Drivers/CMSIS/Device/ST/STM32F1xx/Include/stm32f103x6.h"
 1023              		.file 18 "../Drivers/STM32F1xx_HAL_Driver/Inc/stm32f1xx_hal_def.h"
 1024              		.file 19 "../Drivers/STM32F1xx_HAL_Driver/Inc/stm32f1xx_hal_dma.h"
 1025              		.file 20 "../Drivers/STM32F1xx_HAL_Driver/Inc/stm32f1xx_hal_uart.h"
 1026              		.file 21 "../Drivers/STM32F1xx_HAL_Driver/Inc/stm32f1xx_hal.h"
 1027              		.file 22 "../Core/Inc/usart.h"
 1028              		.file 23 "../Middlewares/Third_Party/FreeRTOS/Source/include/portable.h"
 1029              		.file 24 "../<built-in>"
ARM GAS  C:\Users\MARKOM~1\AppData\Local\Temp\ccFkELsg.s 			page 19


DEFINED SYMBOLS
                            *ABS*:0000000000000000 uart_driver.c
C:\Users\MARKOM~1\AppData\Local\Temp\ccFkELsg.s:16     .text.UART_RxTask:0000000000000000 $t
C:\Users\MARKOM~1\AppData\Local\Temp\ccFkELsg.s:23     .text.UART_RxTask:0000000000000000 UART_RxTask
C:\Users\MARKOM~1\AppData\Local\Temp\ccFkELsg.s:76     .text.UART_RxTask:0000000000000038 $d
C:\Users\MARKOM~1\AppData\Local\Temp\ccFkELsg.s:85     .text.UART_TxTask:0000000000000000 $t
C:\Users\MARKOM~1\AppData\Local\Temp\ccFkELsg.s:91     .text.UART_TxTask:0000000000000000 UART_TxTask
C:\Users\MARKOM~1\AppData\Local\Temp\ccFkELsg.s:142    .text.UART_TxTask:0000000000000038 $d
C:\Users\MARKOM~1\AppData\Local\Temp\ccFkELsg.s:151    .text.HAL_UART_TxCpltCallback:0000000000000000 $t
C:\Users\MARKOM~1\AppData\Local\Temp\ccFkELsg.s:158    .text.HAL_UART_TxCpltCallback:0000000000000000 HAL_UART_TxCpltCallback
C:\Users\MARKOM~1\AppData\Local\Temp\ccFkELsg.s:253    .text.HAL_UART_TxCpltCallback:0000000000000050 $d
C:\Users\MARKOM~1\AppData\Local\Temp\ccFkELsg.s:262    .text.HAL_UART_RxCpltCallback:0000000000000000 $t
C:\Users\MARKOM~1\AppData\Local\Temp\ccFkELsg.s:269    .text.HAL_UART_RxCpltCallback:0000000000000000 HAL_UART_RxCpltCallback
C:\Users\MARKOM~1\AppData\Local\Temp\ccFkELsg.s:364    .text.HAL_UART_RxCpltCallback:0000000000000050 $d
C:\Users\MARKOM~1\AppData\Local\Temp\ccFkELsg.s:373    .rodata.UART_Init.str1.4:0000000000000000 $d
C:\Users\MARKOM~1\AppData\Local\Temp\ccFkELsg.s:386    .text.UART_Init:0000000000000000 $t
C:\Users\MARKOM~1\AppData\Local\Temp\ccFkELsg.s:393    .text.UART_Init:0000000000000000 UART_Init
C:\Users\MARKOM~1\AppData\Local\Temp\ccFkELsg.s:538    .text.UART_Init:00000000000000cc $d
C:\Users\MARKOM~1\AppData\Local\Temp\ccFkELsg.s:557    .text.UART_AsyncTxString:0000000000000000 $t
C:\Users\MARKOM~1\AppData\Local\Temp\ccFkELsg.s:564    .text.UART_AsyncTxString:0000000000000000 UART_AsyncTxString
C:\Users\MARKOM~1\AppData\Local\Temp\ccFkELsg.s:659    .text.UART_AsyncTxString:0000000000000054 $d
C:\Users\MARKOM~1\AppData\Local\Temp\ccFkELsg.s:668    .text.UART_AsyncTxMotorCommand:0000000000000000 $t
C:\Users\MARKOM~1\AppData\Local\Temp\ccFkELsg.s:675    .text.UART_AsyncTxMotorCommand:0000000000000000 UART_AsyncTxMotorCommand
C:\Users\MARKOM~1\AppData\Local\Temp\ccFkELsg.s:737    .text.UART_AsyncTxMotorCommand:000000000000004c $d
C:\Users\MARKOM~1\AppData\Local\Temp\ccFkELsg.s:745    .text.UART_BlockRxString:0000000000000000 $t
C:\Users\MARKOM~1\AppData\Local\Temp\ccFkELsg.s:752    .text.UART_BlockRxString:0000000000000000 UART_BlockRxString
C:\Users\MARKOM~1\AppData\Local\Temp\ccFkELsg.s:861    .text.UART_BlockRxString:0000000000000068 $d
C:\Users\MARKOM~1\AppData\Local\Temp\ccFkELsg.s:871    .text.UART_BlockRxMotorCommand:0000000000000000 $t
C:\Users\MARKOM~1\AppData\Local\Temp\ccFkELsg.s:878    .text.UART_BlockRxMotorCommand:0000000000000000 UART_BlockRxMotorCommand
C:\Users\MARKOM~1\AppData\Local\Temp\ccFkELsg.s:947    .text.UART_BlockRxMotorCommand:0000000000000058 $d
C:\Users\MARKOM~1\AppData\Local\Temp\ccFkELsg.s:956    .bss.UART_RxMutexHandle:0000000000000000 $d
C:\Users\MARKOM~1\AppData\Local\Temp\ccFkELsg.s:960    .bss.UART_RxMutexHandle:0000000000000000 UART_RxMutexHandle
C:\Users\MARKOM~1\AppData\Local\Temp\ccFkELsg.s:963    .bss.UART_RxQueueHandle:0000000000000000 $d
C:\Users\MARKOM~1\AppData\Local\Temp\ccFkELsg.s:967    .bss.UART_RxQueueHandle:0000000000000000 UART_RxQueueHandle
C:\Users\MARKOM~1\AppData\Local\Temp\ccFkELsg.s:970    .bss.UART_RxTaskHandle:0000000000000000 $d
C:\Users\MARKOM~1\AppData\Local\Temp\ccFkELsg.s:974    .bss.UART_RxTaskHandle:0000000000000000 UART_RxTaskHandle
C:\Users\MARKOM~1\AppData\Local\Temp\ccFkELsg.s:977    .bss.UART_TxMutexHandle:0000000000000000 $d
C:\Users\MARKOM~1\AppData\Local\Temp\ccFkELsg.s:981    .bss.UART_TxMutexHandle:0000000000000000 UART_TxMutexHandle
C:\Users\MARKOM~1\AppData\Local\Temp\ccFkELsg.s:984    .bss.UART_TxQueueHandle:0000000000000000 $d
C:\Users\MARKOM~1\AppData\Local\Temp\ccFkELsg.s:988    .bss.UART_TxQueueHandle:0000000000000000 UART_TxQueueHandle
C:\Users\MARKOM~1\AppData\Local\Temp\ccFkELsg.s:991    .bss.UART_TxTaskHandle:0000000000000000 $d
C:\Users\MARKOM~1\AppData\Local\Temp\ccFkELsg.s:995    .bss.UART_TxTaskHandle:0000000000000000 UART_TxTaskHandle
C:\Users\MARKOM~1\AppData\Local\Temp\ccFkELsg.s:998    .rodata.phuart:0000000000000000 $d
C:\Users\MARKOM~1\AppData\Local\Temp\ccFkELsg.s:1002   .rodata.phuart:0000000000000000 phuart

UNDEFINED SYMBOLS
HAL_UART_Receive_IT
ulTaskNotifyTake
xQueueGenericSend
xQueueReceive
HAL_UART_Transmit_IT
huart2
huart1
vTaskNotifyGiveFromISR
xTaskCreate
xQueueGenericCreate
xQueueCreateMutex
ARM GAS  C:\Users\MARKOM~1\AppData\Local\Temp\ccFkELsg.s 			page 20


xQueueSemaphoreTake
strlen
pvPortMalloc
