ARM GAS  C:\Users\MARKOM~1\AppData\Local\Temp\cc9dNWes.s 			page 1


   1              		.cpu cortex-m3
   2              		.eabi_attribute 20, 1
   3              		.eabi_attribute 21, 1
   4              		.eabi_attribute 23, 3
   5              		.eabi_attribute 24, 1
   6              		.eabi_attribute 25, 1
   7              		.eabi_attribute 26, 1
   8              		.eabi_attribute 30, 1
   9              		.eabi_attribute 34, 1
  10              		.eabi_attribute 18, 4
  11              		.file	"work.c"
  12              		.text
  13              	.Ltext0:
  14              		.cfi_sections	.debug_frame
  15              		.section	.rodata.workTask.str1.4,"aMS",%progbits,1
  16              		.align	2
  17              	.LC0:
  18 0000 556E6573 		.ascii	"Unesite komandu:\000"
  18      69746520 
  18      6B6F6D61 
  18      6E64753A 
  18      00
  19 0011 000000   		.align	2
  20              	.LC1:
  21 0014 506F6772 		.ascii	"Pogresan format komande!\015\000"
  21      6573616E 
  21      20666F72 
  21      6D617420 
  21      6B6F6D61 
  22              		.section	.text.workTask,"ax",%progbits
  23              		.align	1
  24              		.arch armv7-m
  25              		.syntax unified
  26              		.thumb
  27              		.thumb_func
  28              		.fpu softvfp
  30              	workTask:
  31              	.LFB4:
  32              		.file 1 "../Core/Src/work.c"
   1:../Core/Src/work.c **** 
  33              		.loc 1 21 1 view -0
  34              		.cfi_startproc
  35              		@ args = 0, pretend = 0, frame = 8
  36              		@ frame_needed = 0, uses_anonymous_args = 0
  37              	.LVL0:
  38              		.loc 1 21 1 is_stmt 0 view .LVU1
  39 0000 10B5     		push	{r4, lr}
  40              	.LCFI0:
  41              		.cfi_def_cfa_offset 8
  42              		.cfi_offset 4, -8
  43              		.cfi_offset 14, -4
  44 0002 82B0     		sub	sp, sp, #8
  45              	.LCFI1:
  46              		.cfi_def_cfa_offset 16
  47 0004 18E0     		b	.L2
  48              	.LVL1:
  49              	.L5:
ARM GAS  C:\Users\MARKOM~1\AppData\Local\Temp\cc9dNWes.s 			page 2


  50              	.LBB2:
  51              	.LBB3:
  52              		.loc 1 37 6 is_stmt 1 view .LVU2
  53              		.loc 1 37 25 is_stmt 0 view .LVU3
  54 0006 591E     		subs	r1, r3, #1
  55              		.loc 1 37 18 view .LVU4
  56 0008 204A     		ldr	r2, .L11
  57 000a 525C     		ldrb	r2, [r2, r1]	@ zero_extendqisi2
  58              		.loc 1 37 9 view .LVU5
  59 000c 002A     		cmp	r2, #0
  60 000e 31D0     		beq	.L7
  61              		.loc 1 39 7 is_stmt 1 view .LVU6
  62              		.loc 1 39 26 is_stmt 0 view .LVU7
  63 0010 013A     		subs	r2, r2, #1
  64 0012 1E48     		ldr	r0, .L11
  65 0014 4254     		strb	r2, [r0, r1]
  66 0016 2DE0     		b	.L7
  67              	.L6:
  68              		.loc 1 44 6 is_stmt 1 view .LVU8
  69              		.loc 1 44 25 is_stmt 0 view .LVU9
  70 0018 591E     		subs	r1, r3, #1
  71              		.loc 1 44 18 view .LVU10
  72 001a 1C4A     		ldr	r2, .L11
  73 001c 525C     		ldrb	r2, [r2, r1]	@ zero_extendqisi2
  74              		.loc 1 44 9 view .LVU11
  75 001e 0F2A     		cmp	r2, #15
  76 0020 28D8     		bhi	.L7
  77              		.loc 1 46 7 is_stmt 1 view .LVU12
  78              		.loc 1 46 26 is_stmt 0 view .LVU13
  79 0022 0132     		adds	r2, r2, #1
  80 0024 1948     		ldr	r0, .L11
  81 0026 4254     		strb	r2, [r0, r1]
  82 0028 24E0     		b	.L7
  83              	.LVL2:
  84              	.L3:
  85              		.loc 1 46 26 view .LVU14
  86              	.LBE3:
  87              		.loc 1 56 5 is_stmt 1 view .LVU15
  88 002a 1949     		ldr	r1, .L11+4
  89 002c 0020     		movs	r0, #0
  90 002e 194B     		ldr	r3, .L11+8
  91 0030 9847     		blx	r3
  92              	.LVL3:
  93              	.L8:
  94              		.loc 1 59 4 view .LVU16
  95 0032 2046     		mov	r0, r4
  96 0034 184B     		ldr	r3, .L11+12
  97 0036 9847     		blx	r3
  98              	.LVL4:
  99              	.L2:
 100              		.loc 1 59 4 is_stmt 0 view .LVU17
 101              	.LBE2:
 102              		.loc 1 22 2 is_stmt 1 view .LVU18
 103              	.LBB5:
 104              		.loc 1 24 3 view .LVU19
 105 0038 1849     		ldr	r1, .L11+16
 106 003a 0020     		movs	r0, #0
ARM GAS  C:\Users\MARKOM~1\AppData\Local\Temp\cc9dNWes.s 			page 3


 107 003c 154B     		ldr	r3, .L11+8
 108 003e 9847     		blx	r3
 109              	.LVL5:
 110              		.loc 1 25 3 view .LVU20
 111              		.loc 1 25 17 is_stmt 0 view .LVU21
 112 0040 0020     		movs	r0, #0
 113 0042 174B     		ldr	r3, .L11+20
 114 0044 9847     		blx	r3
 115              	.LVL6:
 116              		.loc 1 27 3 is_stmt 1 view .LVU22
 117              		.loc 1 27 6 is_stmt 0 view .LVU23
 118 0046 0028     		cmp	r0, #0
 119 0048 F6D0     		beq	.L2
 120 004a 0446     		mov	r4, r0
 121              		.loc 1 29 4 is_stmt 1 view .LVU24
 122              		.loc 1 29 8 is_stmt 0 view .LVU25
 123 004c 154B     		ldr	r3, .L11+24
 124 004e 9847     		blx	r3
 125              	.LVL7:
 126              		.loc 1 29 7 view .LVU26
 127 0050 0228     		cmp	r0, #2
 128 0052 EAD1     		bne	.L3
 129              		.loc 1 29 42 discriminator 1 view .LVU27
 130 0054 2378     		ldrb	r3, [r4]	@ zero_extendqisi2
 131              		.loc 1 29 27 discriminator 1 view .LVU28
 132 0056 302B     		cmp	r3, #48
 133 0058 E7D9     		bls	.L3
 134              		.loc 1 29 46 discriminator 2 view .LVU29
 135 005a 322B     		cmp	r3, #50
 136 005c E5D8     		bhi	.L3
 137              		.loc 1 30 15 view .LVU30
 138 005e 6278     		ldrb	r2, [r4, #1]	@ zero_extendqisi2
 139              		.loc 1 30 6 view .LVU31
 140 0060 642A     		cmp	r2, #100
 141 0062 01D0     		beq	.L4
 142              		.loc 1 30 26 discriminator 1 view .LVU32
 143 0064 692A     		cmp	r2, #105
 144 0066 E0D1     		bne	.L3
 145              	.L4:
 146              	.LBB4:
 147              		.loc 1 32 5 is_stmt 1 view .LVU33
 148              		.loc 1 32 13 is_stmt 0 view .LVU34
 149 0068 303B     		subs	r3, r3, #48
 150 006a DBB2     		uxtb	r3, r3
 151              	.LVL8:
 152              		.loc 1 33 5 is_stmt 1 view .LVU35
 153 006c 642A     		cmp	r2, #100
 154 006e CAD0     		beq	.L5
 155 0070 692A     		cmp	r2, #105
 156 0072 D1D0     		beq	.L6
 157              	.L7:
 158              		.loc 1 50 5 discriminator 1 view .LVU36
 159              		.loc 1 50 18 is_stmt 0 discriminator 1 view .LVU37
 160 0074 8DF80430 		strb	r3, [sp, #4]
 161              		.loc 1 51 50 discriminator 1 view .LVU38
 162 0078 013B     		subs	r3, r3, #1
 163              	.LVL9:
ARM GAS  C:\Users\MARKOM~1\AppData\Local\Temp\cc9dNWes.s 			page 4


 164              		.loc 1 51 43 discriminator 1 view .LVU39
 165 007a 044A     		ldr	r2, .L11
 166 007c D35C     		ldrb	r3, [r2, r3]	@ zero_extendqisi2
 167              		.loc 1 50 18 discriminator 1 view .LVU40
 168 007e 8DF80530 		strb	r3, [sp, #5]
 169              		.loc 1 52 5 is_stmt 1 discriminator 1 view .LVU41
 170 0082 0199     		ldr	r1, [sp, #4]
 171 0084 0120     		movs	r0, #1
 172 0086 084B     		ldr	r3, .L11+28
 173 0088 9847     		blx	r3
 174              	.LVL10:
 175              	.LBE4:
 176              		.loc 1 31 4 is_stmt 0 discriminator 1 view .LVU42
 177 008a D2E7     		b	.L8
 178              	.L12:
 179              		.align	2
 180              	.L11:
 181 008c 00000000 		.word	.LANCHOR0
 182 0090 14000000 		.word	.LC1
 183 0094 00000000 		.word	UART_AsyncTxString
 184 0098 00000000 		.word	vPortFree
 185 009c 00000000 		.word	.LC0
 186 00a0 00000000 		.word	UART_BlockRxString
 187 00a4 00000000 		.word	strlen
 188 00a8 00000000 		.word	UART_AsyncTxMotorCommand
 189              	.LBE5:
 190              		.cfi_endproc
 191              	.LFE4:
 193              		.section	.rodata.workInit.str1.4,"aMS",%progbits,1
 194              		.align	2
 195              	.LC2:
 196 0000 776F726B 		.ascii	"workTask\000"
 196      5461736B 
 196      00
 197              		.section	.text.workInit,"ax",%progbits
 198              		.align	1
 199              		.global	workInit
 200              		.syntax unified
 201              		.thumb
 202              		.thumb_func
 203              		.fpu softvfp
 205              	workInit:
 206              	.LFB5:
 207              		.loc 1 65 1 is_stmt 1 view -0
 208              		.cfi_startproc
 209              		@ args = 0, pretend = 0, frame = 0
 210              		@ frame_needed = 0, uses_anonymous_args = 0
 211 0000 10B5     		push	{r4, lr}
 212              	.LCFI2:
 213              		.cfi_def_cfa_offset 8
 214              		.cfi_offset 4, -8
 215              		.cfi_offset 14, -4
 216 0002 82B0     		sub	sp, sp, #8
 217              	.LCFI3:
 218              		.cfi_def_cfa_offset 16
 219              		.loc 1 66 2 view .LVU44
 220 0004 064B     		ldr	r3, .L15
ARM GAS  C:\Users\MARKOM~1\AppData\Local\Temp\cc9dNWes.s 			page 5


 221 0006 9847     		blx	r3
 222              	.LVL11:
 223              		.loc 1 67 2 view .LVU45
 224 0008 0023     		movs	r3, #0
 225 000a 0193     		str	r3, [sp, #4]
 226 000c 0522     		movs	r2, #5
 227 000e 0092     		str	r2, [sp]
 228 0010 8022     		movs	r2, #128
 229 0012 0449     		ldr	r1, .L15+4
 230 0014 0448     		ldr	r0, .L15+8
 231 0016 054C     		ldr	r4, .L15+12
 232 0018 A047     		blx	r4
 233              	.LVL12:
 234              		.loc 1 68 1 is_stmt 0 view .LVU46
 235 001a 02B0     		add	sp, sp, #8
 236              	.LCFI4:
 237              		.cfi_def_cfa_offset 8
 238              		@ sp needed
 239 001c 10BD     		pop	{r4, pc}
 240              	.L16:
 241 001e 00BF     		.align	2
 242              	.L15:
 243 0020 00000000 		.word	UART_Init
 244 0024 00000000 		.word	.LC2
 245 0028 00000000 		.word	workTask
 246 002c 00000000 		.word	xTaskCreate
 247              		.cfi_endproc
 248              	.LFE5:
 250              		.global	velocity
 251              		.section	.bss.velocity,"aw",%nobits
 252              		.align	2
 253              		.set	.LANCHOR0,. + 0
 256              	velocity:
 257 0000 0000     		.space	2
 258              		.text
 259              	.Letext0:
 260              		.file 2 "../c:\\users\\marko micovic\\desktop\\gnu mcu\\arm-none-eabi-gcc-9.3.1-1.1\\arm-none-eabi
 261              		.file 3 "../c:\\users\\marko micovic\\desktop\\gnu mcu\\arm-none-eabi-gcc-9.3.1-1.1\\arm-none-eabi
 262              		.file 4 "../Core/Inc/work.h"
 263              		.file 5 "../c:\\users\\marko micovic\\desktop\\gnu mcu\\arm-none-eabi-gcc-9.3.1-1.1\\lib\\gcc\\arm
 264              		.file 6 "../c:\\users\\marko micovic\\desktop\\gnu mcu\\arm-none-eabi-gcc-9.3.1-1.1\\arm-none-eabi
 265              		.file 7 "../c:\\users\\marko micovic\\desktop\\gnu mcu\\arm-none-eabi-gcc-9.3.1-1.1\\arm-none-eabi
 266              		.file 8 "../c:\\users\\marko micovic\\desktop\\gnu mcu\\arm-none-eabi-gcc-9.3.1-1.1\\arm-none-eabi
 267              		.file 9 "../Core/Inc/FreeRTOSConfig.h"
 268              		.file 10 "../Core/Inc/uart_driver.h"
 269              		.file 11 "../Middlewares/Third_Party/FreeRTOS/Source/include/task.h"
 270              		.file 12 "../Middlewares/Third_Party/FreeRTOS/Source/include/portable.h"
 271              		.file 13 "../<built-in>"
ARM GAS  C:\Users\MARKOM~1\AppData\Local\Temp\cc9dNWes.s 			page 6


DEFINED SYMBOLS
                            *ABS*:0000000000000000 work.c
C:\Users\MARKOM~1\AppData\Local\Temp\cc9dNWes.s:16     .rodata.workTask.str1.4:0000000000000000 $d
C:\Users\MARKOM~1\AppData\Local\Temp\cc9dNWes.s:23     .text.workTask:0000000000000000 $t
C:\Users\MARKOM~1\AppData\Local\Temp\cc9dNWes.s:30     .text.workTask:0000000000000000 workTask
C:\Users\MARKOM~1\AppData\Local\Temp\cc9dNWes.s:181    .text.workTask:000000000000008c $d
C:\Users\MARKOM~1\AppData\Local\Temp\cc9dNWes.s:194    .rodata.workInit.str1.4:0000000000000000 $d
C:\Users\MARKOM~1\AppData\Local\Temp\cc9dNWes.s:198    .text.workInit:0000000000000000 $t
C:\Users\MARKOM~1\AppData\Local\Temp\cc9dNWes.s:205    .text.workInit:0000000000000000 workInit
C:\Users\MARKOM~1\AppData\Local\Temp\cc9dNWes.s:243    .text.workInit:0000000000000020 $d
C:\Users\MARKOM~1\AppData\Local\Temp\cc9dNWes.s:256    .bss.velocity:0000000000000000 velocity
C:\Users\MARKOM~1\AppData\Local\Temp\cc9dNWes.s:252    .bss.velocity:0000000000000000 $d

UNDEFINED SYMBOLS
UART_AsyncTxString
vPortFree
UART_BlockRxString
strlen
UART_AsyncTxMotorCommand
UART_Init
xTaskCreate
