ARM GAS  C:\Users\MARKOM~1\AppData\Local\Temp\ccFLwwKA.s 			page 1


   1              		.cpu cortex-m3
   2              		.eabi_attribute 20, 1
   3              		.eabi_attribute 21, 1
   4              		.eabi_attribute 23, 3
   5              		.eabi_attribute 24, 1
   6              		.eabi_attribute 25, 1
   7              		.eabi_attribute 26, 1
   8              		.eabi_attribute 30, 1
   9              		.eabi_attribute 34, 1
  10              		.eabi_attribute 18, 4
  11              		.file	"uart_driver.c"
  12              		.text
  13              	.Ltext0:
  14              		.cfi_sections	.debug_frame
  15              		.section	.text.UART_ReceiveTask,"ax",%progbits
  16              		.align	1
  17              		.arch armv7-m
  18              		.syntax unified
  19              		.thumb
  20              		.thumb_func
  21              		.fpu softvfp
  23              	UART_ReceiveTask:
  24              	.LFB71:
  25              		.file 1 "../Core/Src/uart_driver.c"
   1:../Core/Src/uart_driver.c **** 
  26              		.loc 1 57 1 view -0
  27              		.cfi_startproc
  28              		@ Volatile: function does not return.
  29              		@ args = 0, pretend = 0, frame = 8
  30              		@ frame_needed = 0, uses_anonymous_args = 0
  31              	.LVL0:
  32              		.loc 1 57 1 is_stmt 0 view .LVU1
  33 0000 00B5     		push	{lr}
  34              	.LCFI0:
  35              		.cfi_def_cfa_offset 4
  36              		.cfi_offset 14, -4
  37 0002 83B0     		sub	sp, sp, #12
  38              	.LCFI1:
  39              		.cfi_def_cfa_offset 16
  40              	.LVL1:
  41              	.L2:
  42              		.loc 1 58 2 is_stmt 1 discriminator 1 view .LVU2
  43              		.loc 1 59 2 discriminator 1 view .LVU3
  44              		.loc 1 61 3 discriminator 1 view .LVU4
  45 0004 0122     		movs	r2, #1
  46 0006 0DF10701 		add	r1, sp, #7
  47 000a 0948     		ldr	r0, .L4
  48 000c 094B     		ldr	r3, .L4+4
  49 000e 9847     		blx	r3
  50              	.LVL2:
  51              		.loc 1 62 3 discriminator 1 view .LVU5
  52 0010 4FF0FF31 		mov	r1, #-1
  53 0014 0120     		movs	r0, #1
  54 0016 084B     		ldr	r3, .L4+8
  55 0018 9847     		blx	r3
  56              	.LVL3:
  57              		.loc 1 63 3 discriminator 1 view .LVU6
ARM GAS  C:\Users\MARKOM~1\AppData\Local\Temp\ccFLwwKA.s 			page 2


  58 001a 0023     		movs	r3, #0
  59 001c 4FF0FF32 		mov	r2, #-1
  60 0020 0DF10701 		add	r1, sp, #7
  61 0024 0548     		ldr	r0, .L4+12
  62 0026 0068     		ldr	r0, [r0]
  63 0028 054C     		ldr	r4, .L4+16
  64 002a A047     		blx	r4
  65              	.LVL4:
  66              		.loc 1 59 8 discriminator 1 view .LVU7
  67 002c EAE7     		b	.L2
  68              	.L5:
  69 002e 00BF     		.align	2
  70              	.L4:
  71 0030 00000000 		.word	huart1
  72 0034 00000000 		.word	HAL_UART_Receive_IT
  73 0038 00000000 		.word	ulTaskNotifyTake
  74 003c 00000000 		.word	.LANCHOR0
  75 0040 00000000 		.word	xQueueGenericSend
  76              		.cfi_endproc
  77              	.LFE71:
  79              		.section	.text.UART_TransmitTask,"ax",%progbits
  80              		.align	1
  81              		.syntax unified
  82              		.thumb
  83              		.thumb_func
  84              		.fpu softvfp
  86              	UART_TransmitTask:
  87              	.LFB69:
  88              		.loc 1 29 1 view -0
  89              		.cfi_startproc
  90              		@ Volatile: function does not return.
  91              		@ args = 0, pretend = 0, frame = 8
  92              		@ frame_needed = 0, uses_anonymous_args = 0
  93              	.LVL5:
  94              		.loc 1 29 1 is_stmt 0 view .LVU9
  95 0000 00B5     		push	{lr}
  96              	.LCFI2:
  97              		.cfi_def_cfa_offset 4
  98              		.cfi_offset 14, -4
  99 0002 83B0     		sub	sp, sp, #12
 100              	.LCFI3:
 101              		.cfi_def_cfa_offset 16
 102              	.LVL6:
 103              	.L7:
 104              		.loc 1 30 2 is_stmt 1 discriminator 1 view .LVU10
 105              		.loc 1 31 2 discriminator 1 view .LVU11
 106              		.loc 1 33 3 discriminator 1 view .LVU12
 107 0004 4FF0FF32 		mov	r2, #-1
 108 0008 0DF10701 		add	r1, sp, #7
 109 000c 074B     		ldr	r3, .L9
 110 000e 1868     		ldr	r0, [r3]
 111 0010 074B     		ldr	r3, .L9+4
 112 0012 9847     		blx	r3
 113              	.LVL7:
 114              		.loc 1 34 3 discriminator 1 view .LVU13
 115 0014 0122     		movs	r2, #1
 116 0016 0DF10701 		add	r1, sp, #7
ARM GAS  C:\Users\MARKOM~1\AppData\Local\Temp\ccFLwwKA.s 			page 3


 117 001a 0648     		ldr	r0, .L9+8
 118 001c 064B     		ldr	r3, .L9+12
 119 001e 9847     		blx	r3
 120              	.LVL8:
 121              		.loc 1 35 3 discriminator 1 view .LVU14
 122 0020 4FF0FF31 		mov	r1, #-1
 123 0024 0120     		movs	r0, #1
 124 0026 054B     		ldr	r3, .L9+16
 125 0028 9847     		blx	r3
 126              	.LVL9:
 127              		.loc 1 31 8 discriminator 1 view .LVU15
 128 002a EBE7     		b	.L7
 129              	.L10:
 130              		.align	2
 131              	.L9:
 132 002c 00000000 		.word	.LANCHOR1
 133 0030 00000000 		.word	xQueueReceive
 134 0034 00000000 		.word	huart1
 135 0038 00000000 		.word	HAL_UART_Transmit_IT
 136 003c 00000000 		.word	ulTaskNotifyTake
 137              		.cfi_endproc
 138              	.LFE69:
 140              		.section	.text.HAL_UART_TxCpltCallback,"ax",%progbits
 141              		.align	1
 142              		.global	HAL_UART_TxCpltCallback
 143              		.syntax unified
 144              		.thumb
 145              		.thumb_func
 146              		.fpu softvfp
 148              	HAL_UART_TxCpltCallback:
 149              	.LVL10:
 150              	.LFB70:
 151              		.loc 1 40 1 view -0
 152              		.cfi_startproc
 153              		@ args = 0, pretend = 0, frame = 8
 154              		@ frame_needed = 0, uses_anonymous_args = 0
 155              		.loc 1 41 2 view .LVU17
 156              		.loc 1 41 11 is_stmt 0 view .LVU18
 157 0000 0268     		ldr	r2, [r0]
 158              		.loc 1 41 31 view .LVU19
 159 0002 0D4B     		ldr	r3, .L19
 160 0004 1B68     		ldr	r3, [r3]
 161              		.loc 1 41 5 view .LVU20
 162 0006 9A42     		cmp	r2, r3
 163 0008 00D0     		beq	.L18
 164 000a 7047     		bx	lr
 165              	.L18:
 166              		.loc 1 40 1 view .LVU21
 167 000c 00B5     		push	{lr}
 168              	.LCFI4:
 169              		.cfi_def_cfa_offset 4
 170              		.cfi_offset 14, -4
 171 000e 83B0     		sub	sp, sp, #12
 172              	.LCFI5:
 173              		.cfi_def_cfa_offset 16
 174              	.LBB2:
 175              		.loc 1 43 3 is_stmt 1 view .LVU22
ARM GAS  C:\Users\MARKOM~1\AppData\Local\Temp\ccFLwwKA.s 			page 4


 176              		.loc 1 43 14 is_stmt 0 view .LVU23
 177 0010 0023     		movs	r3, #0
 178 0012 0193     		str	r3, [sp, #4]
 179              		.loc 1 44 3 is_stmt 1 view .LVU24
 180 0014 01A9     		add	r1, sp, #4
 181 0016 094B     		ldr	r3, .L19+4
 182 0018 1868     		ldr	r0, [r3]
 183              	.LVL11:
 184              		.loc 1 44 3 is_stmt 0 view .LVU25
 185 001a 094B     		ldr	r3, .L19+8
 186 001c 9847     		blx	r3
 187              	.LVL12:
 188              		.loc 1 45 3 is_stmt 1 view .LVU26
 189 001e 019B     		ldr	r3, [sp, #4]
 190 0020 3BB1     		cbz	r3, .L11
 191              		.loc 1 45 3 discriminator 1 view .LVU27
 192 0022 084B     		ldr	r3, .L19+12
 193 0024 4FF08052 		mov	r2, #268435456
 194 0028 1A60     		str	r2, [r3]
 195              		.loc 1 45 3 discriminator 1 view .LVU28
 196              		.syntax unified
 197              	@ 45 "Core/Src/uart_driver.c" 1
 198 002a BFF34F8F 		dsb
 199              	@ 0 "" 2
 200              		.loc 1 45 3 discriminator 1 view .LVU29
 201              	@ 45 "Core/Src/uart_driver.c" 1
 202 002e BFF36F8F 		isb
 203              	@ 0 "" 2
 204              		.loc 1 45 28 discriminator 1 view .LVU30
 205              		.thumb
 206              		.syntax unified
 207              	.L11:
 208              	.LBE2:
 209              		.loc 1 47 1 is_stmt 0 view .LVU31
 210 0032 03B0     		add	sp, sp, #12
 211              	.LCFI6:
 212              		.cfi_def_cfa_offset 4
 213              		@ sp needed
 214 0034 5DF804FB 		ldr	pc, [sp], #4
 215              	.L20:
 216              		.align	2
 217              	.L19:
 218 0038 00000000 		.word	huart1
 219 003c 00000000 		.word	.LANCHOR2
 220 0040 00000000 		.word	vTaskNotifyGiveFromISR
 221 0044 04ED00E0 		.word	-536810236
 222              		.cfi_endproc
 223              	.LFE70:
 225              		.section	.text.HAL_UART_RxCpltCallback,"ax",%progbits
 226              		.align	1
 227              		.global	HAL_UART_RxCpltCallback
 228              		.syntax unified
 229              		.thumb
 230              		.thumb_func
 231              		.fpu softvfp
 233              	HAL_UART_RxCpltCallback:
 234              	.LVL13:
ARM GAS  C:\Users\MARKOM~1\AppData\Local\Temp\ccFLwwKA.s 			page 5


 235              	.LFB72:
 236              		.loc 1 68 1 is_stmt 1 view -0
 237              		.cfi_startproc
 238              		@ args = 0, pretend = 0, frame = 8
 239              		@ frame_needed = 0, uses_anonymous_args = 0
 240              		.loc 1 69 2 view .LVU33
 241              		.loc 1 69 11 is_stmt 0 view .LVU34
 242 0000 0268     		ldr	r2, [r0]
 243              		.loc 1 69 31 view .LVU35
 244 0002 0D4B     		ldr	r3, .L29
 245 0004 1B68     		ldr	r3, [r3]
 246              		.loc 1 69 5 view .LVU36
 247 0006 9A42     		cmp	r2, r3
 248 0008 00D0     		beq	.L28
 249 000a 7047     		bx	lr
 250              	.L28:
 251              		.loc 1 68 1 view .LVU37
 252 000c 00B5     		push	{lr}
 253              	.LCFI7:
 254              		.cfi_def_cfa_offset 4
 255              		.cfi_offset 14, -4
 256 000e 83B0     		sub	sp, sp, #12
 257              	.LCFI8:
 258              		.cfi_def_cfa_offset 16
 259              	.LBB3:
 260              		.loc 1 71 3 is_stmt 1 view .LVU38
 261              		.loc 1 71 14 is_stmt 0 view .LVU39
 262 0010 0023     		movs	r3, #0
 263 0012 0193     		str	r3, [sp, #4]
 264              		.loc 1 72 3 is_stmt 1 view .LVU40
 265 0014 01A9     		add	r1, sp, #4
 266 0016 094B     		ldr	r3, .L29+4
 267 0018 1868     		ldr	r0, [r3]
 268              	.LVL14:
 269              		.loc 1 72 3 is_stmt 0 view .LVU41
 270 001a 094B     		ldr	r3, .L29+8
 271 001c 9847     		blx	r3
 272              	.LVL15:
 273              		.loc 1 73 3 is_stmt 1 view .LVU42
 274 001e 019B     		ldr	r3, [sp, #4]
 275 0020 3BB1     		cbz	r3, .L21
 276              		.loc 1 73 3 discriminator 1 view .LVU43
 277 0022 084B     		ldr	r3, .L29+12
 278 0024 4FF08052 		mov	r2, #268435456
 279 0028 1A60     		str	r2, [r3]
 280              		.loc 1 73 3 discriminator 1 view .LVU44
 281              		.syntax unified
 282              	@ 73 "Core/Src/uart_driver.c" 1
 283 002a BFF34F8F 		dsb
 284              	@ 0 "" 2
 285              		.loc 1 73 3 discriminator 1 view .LVU45
 286              	@ 73 "Core/Src/uart_driver.c" 1
 287 002e BFF36F8F 		isb
 288              	@ 0 "" 2
 289              		.loc 1 73 28 discriminator 1 view .LVU46
 290              		.thumb
 291              		.syntax unified
ARM GAS  C:\Users\MARKOM~1\AppData\Local\Temp\ccFLwwKA.s 			page 6


 292              	.L21:
 293              	.LBE3:
 294              		.loc 1 75 1 is_stmt 0 view .LVU47
 295 0032 03B0     		add	sp, sp, #12
 296              	.LCFI9:
 297              		.cfi_def_cfa_offset 4
 298              		@ sp needed
 299 0034 5DF804FB 		ldr	pc, [sp], #4
 300              	.L30:
 301              		.align	2
 302              	.L29:
 303 0038 00000000 		.word	huart1
 304 003c 00000000 		.word	.LANCHOR3
 305 0040 00000000 		.word	vTaskNotifyGiveFromISR
 306 0044 04ED00E0 		.word	-536810236
 307              		.cfi_endproc
 308              	.LFE72:
 310              		.section	.rodata.UART_Init.str1.4,"aMS",%progbits,1
 311              		.align	2
 312              	.LC0:
 313 0000 7472616E 		.ascii	"transmitTask\000"
 313      736D6974 
 313      5461736B 
 313      00
 314 000d 000000   		.align	2
 315              	.LC1:
 316 0010 72656365 		.ascii	"receiveTask\000"
 316      69766554 
 316      61736B00 
 317              		.section	.text.UART_Init,"ax",%progbits
 318              		.align	1
 319              		.global	UART_Init
 320              		.syntax unified
 321              		.thumb
 322              		.thumb_func
 323              		.fpu softvfp
 325              	UART_Init:
 326              	.LFB73:
 327              		.loc 1 81 1 is_stmt 1 view -0
 328              		.cfi_startproc
 329              		@ args = 0, pretend = 0, frame = 0
 330              		@ frame_needed = 0, uses_anonymous_args = 0
 331 0000 70B5     		push	{r4, r5, r6, lr}
 332              	.LCFI10:
 333              		.cfi_def_cfa_offset 16
 334              		.cfi_offset 4, -16
 335              		.cfi_offset 5, -12
 336              		.cfi_offset 6, -8
 337              		.cfi_offset 14, -4
 338 0002 82B0     		sub	sp, sp, #8
 339              	.LCFI11:
 340              		.cfi_def_cfa_offset 24
 341              		.loc 1 82 2 view .LVU49
 342 0004 154B     		ldr	r3, .L33
 343 0006 0193     		str	r3, [sp, #4]
 344 0008 0423     		movs	r3, #4
 345 000a 0093     		str	r3, [sp]
ARM GAS  C:\Users\MARKOM~1\AppData\Local\Temp\ccFLwwKA.s 			page 7


 346 000c 0023     		movs	r3, #0
 347 000e 8022     		movs	r2, #128
 348 0010 1349     		ldr	r1, .L33+4
 349 0012 1448     		ldr	r0, .L33+8
 350 0014 144E     		ldr	r6, .L33+12
 351 0016 B047     		blx	r6
 352              	.LVL16:
 353              		.loc 1 84 2 view .LVU50
 354              		.loc 1 84 29 is_stmt 0 view .LVU51
 355 0018 0022     		movs	r2, #0
 356 001a 0121     		movs	r1, #1
 357 001c 8020     		movs	r0, #128
 358 001e 134D     		ldr	r5, .L33+16
 359 0020 A847     		blx	r5
 360              	.LVL17:
 361              		.loc 1 84 27 view .LVU52
 362 0022 134B     		ldr	r3, .L33+20
 363 0024 1860     		str	r0, [r3]
 364              		.loc 1 85 2 is_stmt 1 view .LVU53
 365              		.loc 1 85 29 is_stmt 0 view .LVU54
 366 0026 0120     		movs	r0, #1
 367 0028 124C     		ldr	r4, .L33+24
 368 002a A047     		blx	r4
 369              	.LVL18:
 370              		.loc 1 85 27 view .LVU55
 371 002c 124B     		ldr	r3, .L33+28
 372 002e 1860     		str	r0, [r3]
 373              		.loc 1 87 2 is_stmt 1 view .LVU56
 374 0030 124B     		ldr	r3, .L33+32
 375 0032 0193     		str	r3, [sp, #4]
 376 0034 1423     		movs	r3, #20
 377 0036 0093     		str	r3, [sp]
 378 0038 0023     		movs	r3, #0
 379 003a 8022     		movs	r2, #128
 380 003c 1049     		ldr	r1, .L33+36
 381 003e 1148     		ldr	r0, .L33+40
 382 0040 B047     		blx	r6
 383              	.LVL19:
 384              		.loc 1 89 2 view .LVU57
 385              		.loc 1 89 28 is_stmt 0 view .LVU58
 386 0042 0022     		movs	r2, #0
 387 0044 0121     		movs	r1, #1
 388 0046 8020     		movs	r0, #128
 389 0048 A847     		blx	r5
 390              	.LVL20:
 391              		.loc 1 89 26 view .LVU59
 392 004a 0F4B     		ldr	r3, .L33+44
 393 004c 1860     		str	r0, [r3]
 394              		.loc 1 90 2 is_stmt 1 view .LVU60
 395              		.loc 1 90 28 is_stmt 0 view .LVU61
 396 004e 0120     		movs	r0, #1
 397 0050 A047     		blx	r4
 398              	.LVL21:
 399              		.loc 1 90 26 view .LVU62
 400 0052 0E4B     		ldr	r3, .L33+48
 401 0054 1860     		str	r0, [r3]
 402              		.loc 1 91 1 view .LVU63
ARM GAS  C:\Users\MARKOM~1\AppData\Local\Temp\ccFLwwKA.s 			page 8


 403 0056 02B0     		add	sp, sp, #8
 404              	.LCFI12:
 405              		.cfi_def_cfa_offset 16
 406              		@ sp needed
 407 0058 70BD     		pop	{r4, r5, r6, pc}
 408              	.L34:
 409 005a 00BF     		.align	2
 410              	.L33:
 411 005c 00000000 		.word	.LANCHOR2
 412 0060 00000000 		.word	.LC0
 413 0064 00000000 		.word	UART_TransmitTask
 414 0068 00000000 		.word	xTaskCreate
 415 006c 00000000 		.word	xQueueGenericCreate
 416 0070 00000000 		.word	.LANCHOR1
 417 0074 00000000 		.word	xQueueCreateMutex
 418 0078 00000000 		.word	.LANCHOR4
 419 007c 00000000 		.word	.LANCHOR3
 420 0080 10000000 		.word	.LC1
 421 0084 00000000 		.word	UART_ReceiveTask
 422 0088 00000000 		.word	.LANCHOR0
 423 008c 00000000 		.word	.LANCHOR5
 424              		.cfi_endproc
 425              	.LFE73:
 427              		.section	.text.UART_AsyncTransmitMotorCommand,"ax",%progbits
 428              		.align	1
 429              		.global	UART_AsyncTransmitMotorCommand
 430              		.syntax unified
 431              		.thumb
 432              		.thumb_func
 433              		.fpu softvfp
 435              	UART_AsyncTransmitMotorCommand:
 436              	.LFB74:
 437              		.loc 1 97 1 is_stmt 1 view -0
 438              		.cfi_startproc
 439              		@ args = 0, pretend = 0, frame = 8
 440              		@ frame_needed = 0, uses_anonymous_args = 0
 441 0000 70B5     		push	{r4, r5, r6, lr}
 442              	.LCFI13:
 443              		.cfi_def_cfa_offset 16
 444              		.cfi_offset 4, -16
 445              		.cfi_offset 5, -12
 446              		.cfi_offset 6, -8
 447              		.cfi_offset 14, -4
 448 0002 82B0     		sub	sp, sp, #8
 449              	.LCFI14:
 450              		.cfi_def_cfa_offset 24
 451 0004 ADF80400 		strh	r0, [sp, #4]	@ movhi
 452              		.loc 1 98 2 view .LVU65
 453 0008 0D4D     		ldr	r5, .L37
 454 000a 4FF0FF31 		mov	r1, #-1
 455 000e 2868     		ldr	r0, [r5]
 456 0010 0C4B     		ldr	r3, .L37+4
 457 0012 9847     		blx	r3
 458              	.LVL22:
 459              		.loc 1 100 2 view .LVU66
 460 0014 0C4E     		ldr	r6, .L37+8
 461 0016 0023     		movs	r3, #0
ARM GAS  C:\Users\MARKOM~1\AppData\Local\Temp\ccFLwwKA.s 			page 9


 462 0018 4FF0FF32 		mov	r2, #-1
 463 001c 01A9     		add	r1, sp, #4
 464 001e 3068     		ldr	r0, [r6]
 465 0020 0A4C     		ldr	r4, .L37+12
 466 0022 A047     		blx	r4
 467              	.LVL23:
 468              		.loc 1 102 2 view .LVU67
 469 0024 0023     		movs	r3, #0
 470 0026 4FF0FF32 		mov	r2, #-1
 471 002a 0DF10501 		add	r1, sp, #5
 472 002e 3068     		ldr	r0, [r6]
 473 0030 A047     		blx	r4
 474              	.LVL24:
 475              		.loc 1 105 2 view .LVU68
 476 0032 0023     		movs	r3, #0
 477 0034 1A46     		mov	r2, r3
 478 0036 1946     		mov	r1, r3
 479 0038 2868     		ldr	r0, [r5]
 480 003a A047     		blx	r4
 481              	.LVL25:
 482              		.loc 1 106 1 is_stmt 0 view .LVU69
 483 003c 02B0     		add	sp, sp, #8
 484              	.LCFI15:
 485              		.cfi_def_cfa_offset 16
 486              		@ sp needed
 487 003e 70BD     		pop	{r4, r5, r6, pc}
 488              	.L38:
 489              		.align	2
 490              	.L37:
 491 0040 00000000 		.word	.LANCHOR4
 492 0044 00000000 		.word	xQueueSemaphoreTake
 493 0048 00000000 		.word	.LANCHOR1
 494 004c 00000000 		.word	xQueueGenericSend
 495              		.cfi_endproc
 496              	.LFE74:
 498              		.section	.text.UART_BlockReceiveMotorCommand,"ax",%progbits
 499              		.align	1
 500              		.global	UART_BlockReceiveMotorCommand
 501              		.syntax unified
 502              		.thumb
 503              		.thumb_func
 504              		.fpu softvfp
 506              	UART_BlockReceiveMotorCommand:
 507              	.LFB75:
 508              		.loc 1 112 1 is_stmt 1 view -0
 509              		.cfi_startproc
 510              		@ args = 0, pretend = 0, frame = 8
 511              		@ frame_needed = 0, uses_anonymous_args = 0
 512 0000 70B5     		push	{r4, r5, r6, lr}
 513              	.LCFI16:
 514              		.cfi_def_cfa_offset 16
 515              		.cfi_offset 4, -16
 516              		.cfi_offset 5, -12
 517              		.cfi_offset 6, -8
 518              		.cfi_offset 14, -4
 519 0002 82B0     		sub	sp, sp, #8
 520              	.LCFI17:
ARM GAS  C:\Users\MARKOM~1\AppData\Local\Temp\ccFLwwKA.s 			page 10


 521              		.cfi_def_cfa_offset 24
 522              		.loc 1 113 2 view .LVU71
 523 0004 124C     		ldr	r4, .L41
 524 0006 4FF0FF31 		mov	r1, #-1
 525 000a 2068     		ldr	r0, [r4]
 526 000c 114B     		ldr	r3, .L41+4
 527 000e 9847     		blx	r3
 528              	.LVL26:
 529              		.loc 1 115 2 view .LVU72
 530              		.loc 1 117 2 view .LVU73
 531 0010 114E     		ldr	r6, .L41+8
 532 0012 4FF0FF32 		mov	r2, #-1
 533 0016 6946     		mov	r1, sp
 534 0018 3068     		ldr	r0, [r6]
 535 001a 104D     		ldr	r5, .L41+12
 536 001c A847     		blx	r5
 537              	.LVL27:
 538              		.loc 1 119 2 view .LVU74
 539 001e 4FF0FF32 		mov	r2, #-1
 540 0022 0DF10101 		add	r1, sp, #1
 541 0026 3068     		ldr	r0, [r6]
 542 0028 A847     		blx	r5
 543              	.LVL28:
 544              		.loc 1 122 2 view .LVU75
 545 002a 0023     		movs	r3, #0
 546 002c 1A46     		mov	r2, r3
 547 002e 1946     		mov	r1, r3
 548 0030 2068     		ldr	r0, [r4]
 549 0032 0B4C     		ldr	r4, .L41+16
 550 0034 A047     		blx	r4
 551              	.LVL29:
 552              		.loc 1 124 2 view .LVU76
 553              		.loc 1 124 9 is_stmt 0 view .LVU77
 554 0036 BDF80030 		ldrh	r3, [sp]
 555 003a 0020     		movs	r0, #0
 556 003c DAB2     		uxtb	r2, r3
 557 003e 62F30700 		bfi	r0, r2, #0, #8
 558 0042 C3F30723 		ubfx	r3, r3, #8, #8
 559 0046 63F30F20 		bfi	r0, r3, #8, #8
 560              		.loc 1 125 1 view .LVU78
 561 004a 02B0     		add	sp, sp, #8
 562              	.LCFI18:
 563              		.cfi_def_cfa_offset 16
 564              		@ sp needed
 565 004c 70BD     		pop	{r4, r5, r6, pc}
 566              	.L42:
 567 004e 00BF     		.align	2
 568              	.L41:
 569 0050 00000000 		.word	.LANCHOR5
 570 0054 00000000 		.word	xQueueSemaphoreTake
 571 0058 00000000 		.word	.LANCHOR0
 572 005c 00000000 		.word	xQueueReceive
 573 0060 00000000 		.word	xQueueGenericSend
 574              		.cfi_endproc
 575              	.LFE75:
 577              		.section	.bss.UART_ReceiveMutexHandle,"aw",%nobits
 578              		.align	2
ARM GAS  C:\Users\MARKOM~1\AppData\Local\Temp\ccFLwwKA.s 			page 11


 579              		.set	.LANCHOR5,. + 0
 582              	UART_ReceiveMutexHandle:
 583 0000 00000000 		.space	4
 584              		.section	.bss.UART_ReceiveQueueHandle,"aw",%nobits
 585              		.align	2
 586              		.set	.LANCHOR0,. + 0
 589              	UART_ReceiveQueueHandle:
 590 0000 00000000 		.space	4
 591              		.section	.bss.UART_ReceiveTaskHandle,"aw",%nobits
 592              		.align	2
 593              		.set	.LANCHOR3,. + 0
 596              	UART_ReceiveTaskHandle:
 597 0000 00000000 		.space	4
 598              		.section	.bss.UART_TransmitMutexHandle,"aw",%nobits
 599              		.align	2
 600              		.set	.LANCHOR4,. + 0
 603              	UART_TransmitMutexHandle:
 604 0000 00000000 		.space	4
 605              		.section	.bss.UART_TransmitQueueHandle,"aw",%nobits
 606              		.align	2
 607              		.set	.LANCHOR1,. + 0
 610              	UART_TransmitQueueHandle:
 611 0000 00000000 		.space	4
 612              		.section	.bss.UART_TransmitTaskHandle,"aw",%nobits
 613              		.align	2
 614              		.set	.LANCHOR2,. + 0
 617              	UART_TransmitTaskHandle:
 618 0000 00000000 		.space	4
 619              		.text
 620              	.Letext0:
 621              		.file 2 "../c:\\users\\marko micovic\\desktop\\gnu mcu\\arm-none-eabi-gcc-9.3.1-1.1\\arm-none-eabi
 622              		.file 3 "../c:\\users\\marko micovic\\desktop\\gnu mcu\\arm-none-eabi-gcc-9.3.1-1.1\\arm-none-eabi
 623              		.file 4 "../Core/Inc/work.h"
 624              		.file 5 "../Middlewares/Third_Party/FreeRTOS/Source/portable/GCC/ARM_CM3/portmacro.h"
 625              		.file 6 "../Middlewares/Third_Party/FreeRTOS/Source/include/task.h"
 626              		.file 7 "../Middlewares/Third_Party/FreeRTOS/Source/include/queue.h"
 627              		.file 8 "../Middlewares/Third_Party/FreeRTOS/Source/include/semphr.h"
 628              		.file 9 "../c:\\users\\marko micovic\\desktop\\gnu mcu\\arm-none-eabi-gcc-9.3.1-1.1\\lib\\gcc\\arm
 629              		.file 10 "../c:\\users\\marko micovic\\desktop\\gnu mcu\\arm-none-eabi-gcc-9.3.1-1.1\\arm-none-eab
 630              		.file 11 "../c:\\users\\marko micovic\\desktop\\gnu mcu\\arm-none-eabi-gcc-9.3.1-1.1\\arm-none-eab
 631              		.file 12 "../c:\\users\\marko micovic\\desktop\\gnu mcu\\arm-none-eabi-gcc-9.3.1-1.1\\arm-none-eab
 632              		.file 13 "../Core/Inc/FreeRTOSConfig.h"
 633              		.file 14 "../Drivers/CMSIS/Include/core_cm3.h"
 634              		.file 15 "../Drivers/CMSIS/Device/ST/STM32F1xx/Include/system_stm32f1xx.h"
 635              		.file 16 "../Drivers/CMSIS/Device/ST/STM32F1xx/Include/stm32f103x6.h"
 636              		.file 17 "../Drivers/STM32F1xx_HAL_Driver/Inc/stm32f1xx_hal_def.h"
 637              		.file 18 "../Drivers/STM32F1xx_HAL_Driver/Inc/stm32f1xx_hal_dma.h"
 638              		.file 19 "../Drivers/STM32F1xx_HAL_Driver/Inc/stm32f1xx_hal_uart.h"
 639              		.file 20 "../Drivers/STM32F1xx_HAL_Driver/Inc/stm32f1xx_hal.h"
 640              		.file 21 "../Core/Inc/usart.h"
ARM GAS  C:\Users\MARKOM~1\AppData\Local\Temp\ccFLwwKA.s 			page 12


DEFINED SYMBOLS
                            *ABS*:0000000000000000 uart_driver.c
C:\Users\MARKOM~1\AppData\Local\Temp\ccFLwwKA.s:16     .text.UART_ReceiveTask:0000000000000000 $t
C:\Users\MARKOM~1\AppData\Local\Temp\ccFLwwKA.s:23     .text.UART_ReceiveTask:0000000000000000 UART_ReceiveTask
C:\Users\MARKOM~1\AppData\Local\Temp\ccFLwwKA.s:71     .text.UART_ReceiveTask:0000000000000030 $d
C:\Users\MARKOM~1\AppData\Local\Temp\ccFLwwKA.s:80     .text.UART_TransmitTask:0000000000000000 $t
C:\Users\MARKOM~1\AppData\Local\Temp\ccFLwwKA.s:86     .text.UART_TransmitTask:0000000000000000 UART_TransmitTask
C:\Users\MARKOM~1\AppData\Local\Temp\ccFLwwKA.s:132    .text.UART_TransmitTask:000000000000002c $d
C:\Users\MARKOM~1\AppData\Local\Temp\ccFLwwKA.s:141    .text.HAL_UART_TxCpltCallback:0000000000000000 $t
C:\Users\MARKOM~1\AppData\Local\Temp\ccFLwwKA.s:148    .text.HAL_UART_TxCpltCallback:0000000000000000 HAL_UART_TxCpltCallback
C:\Users\MARKOM~1\AppData\Local\Temp\ccFLwwKA.s:218    .text.HAL_UART_TxCpltCallback:0000000000000038 $d
C:\Users\MARKOM~1\AppData\Local\Temp\ccFLwwKA.s:226    .text.HAL_UART_RxCpltCallback:0000000000000000 $t
C:\Users\MARKOM~1\AppData\Local\Temp\ccFLwwKA.s:233    .text.HAL_UART_RxCpltCallback:0000000000000000 HAL_UART_RxCpltCallback
C:\Users\MARKOM~1\AppData\Local\Temp\ccFLwwKA.s:303    .text.HAL_UART_RxCpltCallback:0000000000000038 $d
C:\Users\MARKOM~1\AppData\Local\Temp\ccFLwwKA.s:311    .rodata.UART_Init.str1.4:0000000000000000 $d
C:\Users\MARKOM~1\AppData\Local\Temp\ccFLwwKA.s:318    .text.UART_Init:0000000000000000 $t
C:\Users\MARKOM~1\AppData\Local\Temp\ccFLwwKA.s:325    .text.UART_Init:0000000000000000 UART_Init
C:\Users\MARKOM~1\AppData\Local\Temp\ccFLwwKA.s:411    .text.UART_Init:000000000000005c $d
C:\Users\MARKOM~1\AppData\Local\Temp\ccFLwwKA.s:428    .text.UART_AsyncTransmitMotorCommand:0000000000000000 $t
C:\Users\MARKOM~1\AppData\Local\Temp\ccFLwwKA.s:435    .text.UART_AsyncTransmitMotorCommand:0000000000000000 UART_AsyncTransmitMotorCommand
C:\Users\MARKOM~1\AppData\Local\Temp\ccFLwwKA.s:491    .text.UART_AsyncTransmitMotorCommand:0000000000000040 $d
C:\Users\MARKOM~1\AppData\Local\Temp\ccFLwwKA.s:499    .text.UART_BlockReceiveMotorCommand:0000000000000000 $t
C:\Users\MARKOM~1\AppData\Local\Temp\ccFLwwKA.s:506    .text.UART_BlockReceiveMotorCommand:0000000000000000 UART_BlockReceiveMotorCommand
C:\Users\MARKOM~1\AppData\Local\Temp\ccFLwwKA.s:569    .text.UART_BlockReceiveMotorCommand:0000000000000050 $d
C:\Users\MARKOM~1\AppData\Local\Temp\ccFLwwKA.s:578    .bss.UART_ReceiveMutexHandle:0000000000000000 $d
C:\Users\MARKOM~1\AppData\Local\Temp\ccFLwwKA.s:582    .bss.UART_ReceiveMutexHandle:0000000000000000 UART_ReceiveMutexHandle
C:\Users\MARKOM~1\AppData\Local\Temp\ccFLwwKA.s:585    .bss.UART_ReceiveQueueHandle:0000000000000000 $d
C:\Users\MARKOM~1\AppData\Local\Temp\ccFLwwKA.s:589    .bss.UART_ReceiveQueueHandle:0000000000000000 UART_ReceiveQueueHandle
C:\Users\MARKOM~1\AppData\Local\Temp\ccFLwwKA.s:592    .bss.UART_ReceiveTaskHandle:0000000000000000 $d
C:\Users\MARKOM~1\AppData\Local\Temp\ccFLwwKA.s:596    .bss.UART_ReceiveTaskHandle:0000000000000000 UART_ReceiveTaskHandle
C:\Users\MARKOM~1\AppData\Local\Temp\ccFLwwKA.s:599    .bss.UART_TransmitMutexHandle:0000000000000000 $d
C:\Users\MARKOM~1\AppData\Local\Temp\ccFLwwKA.s:603    .bss.UART_TransmitMutexHandle:0000000000000000 UART_TransmitMutexHandle
C:\Users\MARKOM~1\AppData\Local\Temp\ccFLwwKA.s:606    .bss.UART_TransmitQueueHandle:0000000000000000 $d
C:\Users\MARKOM~1\AppData\Local\Temp\ccFLwwKA.s:610    .bss.UART_TransmitQueueHandle:0000000000000000 UART_TransmitQueueHandle
C:\Users\MARKOM~1\AppData\Local\Temp\ccFLwwKA.s:613    .bss.UART_TransmitTaskHandle:0000000000000000 $d
C:\Users\MARKOM~1\AppData\Local\Temp\ccFLwwKA.s:617    .bss.UART_TransmitTaskHandle:0000000000000000 UART_TransmitTaskHandle

UNDEFINED SYMBOLS
huart1
HAL_UART_Receive_IT
ulTaskNotifyTake
xQueueGenericSend
xQueueReceive
HAL_UART_Transmit_IT
vTaskNotifyGiveFromISR
xTaskCreate
xQueueGenericCreate
xQueueCreateMutex
xQueueSemaphoreTake
