ARM GAS  C:\Users\Nikola\AppData\Local\Temp\ccmKKmRc.s 			page 1


   1              		.cpu cortex-m3
   2              		.eabi_attribute 20, 1
   3              		.eabi_attribute 21, 1
   4              		.eabi_attribute 23, 3
   5              		.eabi_attribute 24, 1
   6              		.eabi_attribute 25, 1
   7              		.eabi_attribute 26, 1
   8              		.eabi_attribute 30, 1
   9              		.eabi_attribute 34, 1
  10              		.eabi_attribute 18, 4
  11              		.file	"driver_led.c"
  12              		.text
  13              	.Ltext0:
  14              		.cfi_sections	.debug_frame
  15              		.global	__aeabi_f2uiz
  16              		.section	.text.led_task,"ax",%progbits
  17              		.align	1
  18              		.arch armv7-m
  19              		.syntax unified
  20              		.thumb
  21              		.thumb_func
  22              		.fpu softvfp
  24              	led_task:
  25              	.LFB69:
  26              		.file 1 "../Core/Src/driver_led.c"
   1:../Core/Src/driver_led.c **** 
  27              		.loc 1 7 35 view -0
  28              		.cfi_startproc
  29              		@ args = 0, pretend = 0, frame = 0
  30              		@ frame_needed = 0, uses_anonymous_args = 0
  31              	.LVL0:
  32              		.loc 1 7 35 is_stmt 0 view .LVU1
  33 0000 08B5     		push	{r3, lr}
  34              	.LCFI0:
  35              		.cfi_def_cfa_offset 8
  36              		.cfi_offset 3, -8
  37              		.cfi_offset 14, -4
  38 0002 08E0     		b	.L4
  39              	.LVL1:
  40              	.L6:
  41              	.LBB2:
  42              		.loc 1 12 4 is_stmt 1 view .LVU2
  43 0004 4FF40051 		mov	r1, #8192
  44 0008 0948     		ldr	r0, .L7
  45              	.LVL2:
  46              		.loc 1 12 4 is_stmt 0 view .LVU3
  47 000a 0A4B     		ldr	r3, .L7+4
  48 000c 9847     		blx	r3
  49              	.LVL3:
  50              	.L3:
  51              		.loc 1 16 3 is_stmt 1 view .LVU4
  52 000e 4FF4FA70 		mov	r0, #500
  53 0012 094B     		ldr	r3, .L7+8
  54 0014 9847     		blx	r3
  55              	.LVL4:
  56              	.LBE2:
  57              		.loc 1 8 7 view .LVU5
ARM GAS  C:\Users\Nikola\AppData\Local\Temp\ccmKKmRc.s 			page 2


  58              	.L4:
  59              		.loc 1 8 2 view .LVU6
  60              	.LBB3:
  61              		.loc 1 10 3 view .LVU7
  62              		.loc 1 10 21 is_stmt 0 view .LVU8
  63 0016 094B     		ldr	r3, .L7+12
  64 0018 9847     		blx	r3
  65              	.LVL5:
  66              		.loc 1 10 12 view .LVU9
  67 001a 094B     		ldr	r3, .L7+16
  68 001c 9847     		blx	r3
  69              	.LVL6:
  70              		.loc 1 11 3 is_stmt 1 view .LVU10
  71              		.loc 1 11 5 is_stmt 0 view .LVU11
  72 001e 3228     		cmp	r0, #50
  73 0020 F0D8     		bhi	.L6
  74              		.loc 1 14 4 is_stmt 1 view .LVU12
  75 0022 0022     		movs	r2, #0
  76 0024 4FF40051 		mov	r1, #8192
  77 0028 0148     		ldr	r0, .L7
  78              	.LVL7:
  79              		.loc 1 14 4 is_stmt 0 view .LVU13
  80 002a 064B     		ldr	r3, .L7+20
  81 002c 9847     		blx	r3
  82              	.LVL8:
  83 002e EEE7     		b	.L3
  84              	.L8:
  85              		.align	2
  86              	.L7:
  87 0030 00080140 		.word	1073809408
  88 0034 00000000 		.word	HAL_GPIO_TogglePin
  89 0038 00000000 		.word	vTaskDelay
  90 003c 00000000 		.word	getBrzina
  91 0040 00000000 		.word	__aeabi_f2uiz
  92 0044 00000000 		.word	HAL_GPIO_WritePin
  93              	.LBE3:
  94              		.cfi_endproc
  95              	.LFE69:
  97              		.section	.rodata.led_init.str1.4,"aMS",%progbits,1
  98              		.align	2
  99              	.LC0:
 100 0000 6C65645F 		.ascii	"led_task\000"
 100      7461736B 
 100      00
 101              		.section	.text.led_init,"ax",%progbits
 102              		.align	1
 103              		.global	led_init
 104              		.syntax unified
 105              		.thumb
 106              		.thumb_func
 107              		.fpu softvfp
 109              	led_init:
 110              	.LFB70:
 111              		.loc 1 20 16 is_stmt 1 view -0
 112              		.cfi_startproc
 113              		@ args = 0, pretend = 0, frame = 0
 114              		@ frame_needed = 0, uses_anonymous_args = 0
ARM GAS  C:\Users\Nikola\AppData\Local\Temp\ccmKKmRc.s 			page 3


 115 0000 10B5     		push	{r4, lr}
 116              	.LCFI1:
 117              		.cfi_def_cfa_offset 8
 118              		.cfi_offset 4, -8
 119              		.cfi_offset 14, -4
 120 0002 82B0     		sub	sp, sp, #8
 121              	.LCFI2:
 122              		.cfi_def_cfa_offset 16
 123              		.loc 1 21 2 view .LVU15
 124 0004 0023     		movs	r3, #0
 125 0006 0193     		str	r3, [sp, #4]
 126 0008 0A22     		movs	r2, #10
 127 000a 0092     		str	r2, [sp]
 128 000c 4022     		movs	r2, #64
 129 000e 0349     		ldr	r1, .L11
 130 0010 0348     		ldr	r0, .L11+4
 131 0012 044C     		ldr	r4, .L11+8
 132 0014 A047     		blx	r4
 133              	.LVL9:
 134              		.loc 1 22 1 is_stmt 0 view .LVU16
 135 0016 02B0     		add	sp, sp, #8
 136              	.LCFI3:
 137              		.cfi_def_cfa_offset 8
 138              		@ sp needed
 139 0018 10BD     		pop	{r4, pc}
 140              	.L12:
 141 001a 00BF     		.align	2
 142              	.L11:
 143 001c 00000000 		.word	.LC0
 144 0020 00000000 		.word	led_task
 145 0024 00000000 		.word	xTaskCreate
 146              		.cfi_endproc
 147              	.LFE70:
 149              		.text
 150              	.Letext0:
 151              		.file 2 "../d:\\faks\\4. godina\\7.semestar\\mips\\gnu mcu\\arm-none-eabi-gcc-10.2.1-1.1\\arm-none
 152              		.file 3 "../d:\\faks\\4. godina\\7.semestar\\mips\\gnu mcu\\arm-none-eabi-gcc-10.2.1-1.1\\arm-none
 153              		.file 4 "../Middlewares/Third_Party/FreeRTOS/Source/portable/GCC/ARM_CM3/portmacro.h"
 154              		.file 5 "../Drivers/CMSIS/Device/ST/STM32F1xx/Include/stm32f103x6.h"
 155              		.file 6 "../Middlewares/Third_Party/FreeRTOS/Source/include/task.h"
 156              		.file 7 "../Drivers/STM32F1xx_HAL_Driver/Inc/stm32f1xx_hal_gpio.h"
 157              		.file 8 "../Core/Inc/driver_brzina.h"
ARM GAS  C:\Users\Nikola\AppData\Local\Temp\ccmKKmRc.s 			page 4


DEFINED SYMBOLS
                            *ABS*:0000000000000000 driver_led.c
C:\Users\Nikola\AppData\Local\Temp\ccmKKmRc.s:17     .text.led_task:0000000000000000 $t
C:\Users\Nikola\AppData\Local\Temp\ccmKKmRc.s:24     .text.led_task:0000000000000000 led_task
C:\Users\Nikola\AppData\Local\Temp\ccmKKmRc.s:87     .text.led_task:0000000000000030 $d
C:\Users\Nikola\AppData\Local\Temp\ccmKKmRc.s:98     .rodata.led_init.str1.4:0000000000000000 $d
C:\Users\Nikola\AppData\Local\Temp\ccmKKmRc.s:102    .text.led_init:0000000000000000 $t
C:\Users\Nikola\AppData\Local\Temp\ccmKKmRc.s:109    .text.led_init:0000000000000000 led_init
C:\Users\Nikola\AppData\Local\Temp\ccmKKmRc.s:143    .text.led_init:000000000000001c $d

UNDEFINED SYMBOLS
__aeabi_f2uiz
HAL_GPIO_TogglePin
vTaskDelay
getBrzina
HAL_GPIO_WritePin
xTaskCreate
