ARM GAS  C:\Users\Nikola\AppData\Local\Temp\cc0X5X7M.s 			page 1


   1              		.cpu cortex-m3
   2              		.eabi_attribute 20, 1
   3              		.eabi_attribute 21, 1
   4              		.eabi_attribute 23, 3
   5              		.eabi_attribute 24, 1
   6              		.eabi_attribute 25, 1
   7              		.eabi_attribute 26, 1
   8              		.eabi_attribute 30, 1
   9              		.eabi_attribute 34, 1
  10              		.eabi_attribute 18, 4
  11              		.file	"usart.c"
  12              		.text
  13              	.Ltext0:
  14              		.cfi_sections	.debug_frame
  15              		.section	.text.MX_USART1_UART_Init,"ax",%progbits
  16              		.align	1
  17              		.global	MX_USART1_UART_Init
  18              		.arch armv7-m
  19              		.syntax unified
  20              		.thumb
  21              		.thumb_func
  22              		.fpu softvfp
  24              	MX_USART1_UART_Init:
  25              	.LFB65:
  26              		.file 1 "../Core/Src/usart.c"
   1:../Core/Src/usart.c **** 
  27              		.loc 1 32 1 view -0
  28              		.cfi_startproc
  29              		@ args = 0, pretend = 0, frame = 0
  30              		@ frame_needed = 0, uses_anonymous_args = 0
  31 0000 08B5     		push	{r3, lr}
  32              	.LCFI0:
  33              		.cfi_def_cfa_offset 8
  34              		.cfi_offset 3, -8
  35              		.cfi_offset 14, -4
  36              		.loc 1 41 3 view .LVU1
  37              		.loc 1 41 19 is_stmt 0 view .LVU2
  38 0002 0B48     		ldr	r0, .L5
  39 0004 0B4B     		ldr	r3, .L5+4
  40 0006 0360     		str	r3, [r0]
  41              		.loc 1 42 3 is_stmt 1 view .LVU3
  42              		.loc 1 42 24 is_stmt 0 view .LVU4
  43 0008 4FF41653 		mov	r3, #9600
  44 000c 4360     		str	r3, [r0, #4]
  45              		.loc 1 43 3 is_stmt 1 view .LVU5
  46              		.loc 1 43 26 is_stmt 0 view .LVU6
  47 000e 4FF48053 		mov	r3, #4096
  48 0012 8360     		str	r3, [r0, #8]
  49              		.loc 1 44 3 is_stmt 1 view .LVU7
  50              		.loc 1 44 24 is_stmt 0 view .LVU8
  51 0014 0023     		movs	r3, #0
  52 0016 C360     		str	r3, [r0, #12]
  53              		.loc 1 45 3 is_stmt 1 view .LVU9
  54              		.loc 1 45 22 is_stmt 0 view .LVU10
  55 0018 0361     		str	r3, [r0, #16]
  56              		.loc 1 46 3 is_stmt 1 view .LVU11
  57              		.loc 1 46 20 is_stmt 0 view .LVU12
ARM GAS  C:\Users\Nikola\AppData\Local\Temp\cc0X5X7M.s 			page 2


  58 001a 0C22     		movs	r2, #12
  59 001c 4261     		str	r2, [r0, #20]
  60              		.loc 1 47 3 is_stmt 1 view .LVU13
  61              		.loc 1 47 25 is_stmt 0 view .LVU14
  62 001e 8361     		str	r3, [r0, #24]
  63              		.loc 1 48 3 is_stmt 1 view .LVU15
  64              		.loc 1 48 28 is_stmt 0 view .LVU16
  65 0020 C361     		str	r3, [r0, #28]
  66              		.loc 1 49 3 is_stmt 1 view .LVU17
  67              		.loc 1 49 7 is_stmt 0 view .LVU18
  68 0022 054B     		ldr	r3, .L5+8
  69 0024 9847     		blx	r3
  70              	.LVL0:
  71              		.loc 1 49 6 view .LVU19
  72 0026 00B9     		cbnz	r0, .L4
  73              	.L1:
  74              		.loc 1 57 1 view .LVU20
  75 0028 08BD     		pop	{r3, pc}
  76              	.L4:
  77              		.loc 1 51 5 is_stmt 1 view .LVU21
  78 002a 044B     		ldr	r3, .L5+12
  79 002c 9847     		blx	r3
  80              	.LVL1:
  81              		.loc 1 57 1 is_stmt 0 view .LVU22
  82 002e FBE7     		b	.L1
  83              	.L6:
  84              		.align	2
  85              	.L5:
  86 0030 00000000 		.word	.LANCHOR0
  87 0034 00380140 		.word	1073821696
  88 0038 00000000 		.word	HAL_UART_Init
  89 003c 00000000 		.word	Error_Handler
  90              		.cfi_endproc
  91              	.LFE65:
  93              		.section	.text.HAL_UART_MspInit,"ax",%progbits
  94              		.align	1
  95              		.global	HAL_UART_MspInit
  96              		.syntax unified
  97              		.thumb
  98              		.thumb_func
  99              		.fpu softvfp
 101              	HAL_UART_MspInit:
 102              	.LVL2:
 103              	.LFB66:
 104              		.loc 1 60 1 is_stmt 1 view -0
 105              		.cfi_startproc
 106              		@ args = 0, pretend = 0, frame = 24
 107              		@ frame_needed = 0, uses_anonymous_args = 0
 108              		.loc 1 60 1 is_stmt 0 view .LVU24
 109 0000 70B5     		push	{r4, r5, r6, lr}
 110              	.LCFI1:
 111              		.cfi_def_cfa_offset 16
 112              		.cfi_offset 4, -16
 113              		.cfi_offset 5, -12
 114              		.cfi_offset 6, -8
 115              		.cfi_offset 14, -4
 116 0002 86B0     		sub	sp, sp, #24
ARM GAS  C:\Users\Nikola\AppData\Local\Temp\cc0X5X7M.s 			page 3


 117              	.LCFI2:
 118              		.cfi_def_cfa_offset 40
 119              		.loc 1 62 3 is_stmt 1 view .LVU25
 120              		.loc 1 62 20 is_stmt 0 view .LVU26
 121 0004 0023     		movs	r3, #0
 122 0006 0293     		str	r3, [sp, #8]
 123 0008 0393     		str	r3, [sp, #12]
 124 000a 0493     		str	r3, [sp, #16]
 125 000c 0593     		str	r3, [sp, #20]
 126              		.loc 1 63 3 is_stmt 1 view .LVU27
 127              		.loc 1 63 16 is_stmt 0 view .LVU28
 128 000e 0268     		ldr	r2, [r0]
 129              		.loc 1 63 5 view .LVU29
 130 0010 1D4B     		ldr	r3, .L11
 131 0012 9A42     		cmp	r2, r3
 132 0014 01D0     		beq	.L10
 133              	.LVL3:
 134              	.L7:
 135              		.loc 1 95 1 view .LVU30
 136 0016 06B0     		add	sp, sp, #24
 137              	.LCFI3:
 138              		.cfi_remember_state
 139              		.cfi_def_cfa_offset 16
 140              		@ sp needed
 141 0018 70BD     		pop	{r4, r5, r6, pc}
 142              	.LVL4:
 143              	.L10:
 144              	.LCFI4:
 145              		.cfi_restore_state
 146              		.loc 1 69 5 is_stmt 1 view .LVU31
 147              	.LBB2:
 148              		.loc 1 69 5 view .LVU32
 149              		.loc 1 69 5 view .LVU33
 150 001a 03F55843 		add	r3, r3, #55296
 151 001e 9A69     		ldr	r2, [r3, #24]
 152 0020 42F48042 		orr	r2, r2, #16384
 153 0024 9A61     		str	r2, [r3, #24]
 154              		.loc 1 69 5 view .LVU34
 155 0026 9A69     		ldr	r2, [r3, #24]
 156 0028 02F48042 		and	r2, r2, #16384
 157 002c 0092     		str	r2, [sp]
 158              		.loc 1 69 5 view .LVU35
 159 002e 009A     		ldr	r2, [sp]
 160              	.LBE2:
 161              		.loc 1 69 5 view .LVU36
 162              		.loc 1 71 5 view .LVU37
 163              	.LBB3:
 164              		.loc 1 71 5 view .LVU38
 165              		.loc 1 71 5 view .LVU39
 166 0030 9A69     		ldr	r2, [r3, #24]
 167 0032 42F00802 		orr	r2, r2, #8
 168 0036 9A61     		str	r2, [r3, #24]
 169              		.loc 1 71 5 view .LVU40
 170 0038 9B69     		ldr	r3, [r3, #24]
 171 003a 03F00803 		and	r3, r3, #8
 172 003e 0193     		str	r3, [sp, #4]
 173              		.loc 1 71 5 view .LVU41
ARM GAS  C:\Users\Nikola\AppData\Local\Temp\cc0X5X7M.s 			page 4


 174 0040 019B     		ldr	r3, [sp, #4]
 175              	.LBE3:
 176              		.loc 1 71 5 view .LVU42
 177              		.loc 1 76 5 view .LVU43
 178              		.loc 1 76 25 is_stmt 0 view .LVU44
 179 0042 4023     		movs	r3, #64
 180 0044 0293     		str	r3, [sp, #8]
 181              		.loc 1 77 5 is_stmt 1 view .LVU45
 182              		.loc 1 77 26 is_stmt 0 view .LVU46
 183 0046 0223     		movs	r3, #2
 184 0048 0393     		str	r3, [sp, #12]
 185              		.loc 1 78 5 is_stmt 1 view .LVU47
 186              		.loc 1 78 27 is_stmt 0 view .LVU48
 187 004a 0323     		movs	r3, #3
 188 004c 0593     		str	r3, [sp, #20]
 189              		.loc 1 79 5 is_stmt 1 view .LVU49
 190 004e 0F4E     		ldr	r6, .L11+4
 191 0050 02A9     		add	r1, sp, #8
 192 0052 3046     		mov	r0, r6
 193              	.LVL5:
 194              		.loc 1 79 5 is_stmt 0 view .LVU50
 195 0054 0E4D     		ldr	r5, .L11+8
 196 0056 A847     		blx	r5
 197              	.LVL6:
 198              		.loc 1 81 5 is_stmt 1 view .LVU51
 199              		.loc 1 81 25 is_stmt 0 view .LVU52
 200 0058 8023     		movs	r3, #128
 201 005a 0293     		str	r3, [sp, #8]
 202              		.loc 1 82 5 is_stmt 1 view .LVU53
 203              		.loc 1 82 26 is_stmt 0 view .LVU54
 204 005c 0024     		movs	r4, #0
 205 005e 0394     		str	r4, [sp, #12]
 206              		.loc 1 83 5 is_stmt 1 view .LVU55
 207              		.loc 1 83 26 is_stmt 0 view .LVU56
 208 0060 0494     		str	r4, [sp, #16]
 209              		.loc 1 84 5 is_stmt 1 view .LVU57
 210 0062 02A9     		add	r1, sp, #8
 211 0064 3046     		mov	r0, r6
 212 0066 A847     		blx	r5
 213              	.LVL7:
 214              		.loc 1 86 5 view .LVU58
 215              	.LBB4:
 216              		.loc 1 86 5 view .LVU59
 217 0068 0A4A     		ldr	r2, .L11+12
 218 006a 5368     		ldr	r3, [r2, #4]
 219              	.LVL8:
 220              		.loc 1 86 5 view .LVU60
 221              		.loc 1 86 5 view .LVU61
 222 006c 43F0E063 		orr	r3, r3, #117440512
 223              	.LVL9:
 224              		.loc 1 86 5 is_stmt 0 view .LVU62
 225 0070 43F00403 		orr	r3, r3, #4
 226              	.LVL10:
 227              		.loc 1 86 5 is_stmt 1 view .LVU63
 228 0074 5360     		str	r3, [r2, #4]
 229              	.LBE4:
 230              		.loc 1 86 5 view .LVU64
ARM GAS  C:\Users\Nikola\AppData\Local\Temp\cc0X5X7M.s 			page 5


 231              		.loc 1 89 5 view .LVU65
 232 0076 2246     		mov	r2, r4
 233 0078 0521     		movs	r1, #5
 234 007a 2520     		movs	r0, #37
 235 007c 064B     		ldr	r3, .L11+16
 236              	.LVL11:
 237              		.loc 1 89 5 is_stmt 0 view .LVU66
 238 007e 9847     		blx	r3
 239              	.LVL12:
 240              		.loc 1 90 5 is_stmt 1 view .LVU67
 241 0080 2520     		movs	r0, #37
 242 0082 064B     		ldr	r3, .L11+20
 243 0084 9847     		blx	r3
 244              	.LVL13:
 245              		.loc 1 95 1 is_stmt 0 view .LVU68
 246 0086 C6E7     		b	.L7
 247              	.L12:
 248              		.align	2
 249              	.L11:
 250 0088 00380140 		.word	1073821696
 251 008c 000C0140 		.word	1073810432
 252 0090 00000000 		.word	HAL_GPIO_Init
 253 0094 00000140 		.word	1073807360
 254 0098 00000000 		.word	HAL_NVIC_SetPriority
 255 009c 00000000 		.word	HAL_NVIC_EnableIRQ
 256              		.cfi_endproc
 257              	.LFE66:
 259              		.section	.text.HAL_UART_MspDeInit,"ax",%progbits
 260              		.align	1
 261              		.global	HAL_UART_MspDeInit
 262              		.syntax unified
 263              		.thumb
 264              		.thumb_func
 265              		.fpu softvfp
 267              	HAL_UART_MspDeInit:
 268              	.LVL14:
 269              	.LFB67:
 270              		.loc 1 98 1 is_stmt 1 view -0
 271              		.cfi_startproc
 272              		@ args = 0, pretend = 0, frame = 0
 273              		@ frame_needed = 0, uses_anonymous_args = 0
 274              		.loc 1 98 1 is_stmt 0 view .LVU70
 275 0000 08B5     		push	{r3, lr}
 276              	.LCFI5:
 277              		.cfi_def_cfa_offset 8
 278              		.cfi_offset 3, -8
 279              		.cfi_offset 14, -4
 280              		.loc 1 100 3 is_stmt 1 view .LVU71
 281              		.loc 1 100 16 is_stmt 0 view .LVU72
 282 0002 0268     		ldr	r2, [r0]
 283              		.loc 1 100 5 view .LVU73
 284 0004 084B     		ldr	r3, .L17
 285 0006 9A42     		cmp	r2, r3
 286 0008 00D0     		beq	.L16
 287              	.LVL15:
 288              	.L13:
 289              		.loc 1 120 1 view .LVU74
ARM GAS  C:\Users\Nikola\AppData\Local\Temp\cc0X5X7M.s 			page 6


 290 000a 08BD     		pop	{r3, pc}
 291              	.LVL16:
 292              	.L16:
 293              		.loc 1 106 5 is_stmt 1 view .LVU75
 294 000c 074A     		ldr	r2, .L17+4
 295 000e 9369     		ldr	r3, [r2, #24]
 296 0010 23F48043 		bic	r3, r3, #16384
 297 0014 9361     		str	r3, [r2, #24]
 298              		.loc 1 112 5 view .LVU76
 299 0016 C021     		movs	r1, #192
 300 0018 0548     		ldr	r0, .L17+8
 301              	.LVL17:
 302              		.loc 1 112 5 is_stmt 0 view .LVU77
 303 001a 064B     		ldr	r3, .L17+12
 304 001c 9847     		blx	r3
 305              	.LVL18:
 306              		.loc 1 115 5 is_stmt 1 view .LVU78
 307 001e 2520     		movs	r0, #37
 308 0020 054B     		ldr	r3, .L17+16
 309 0022 9847     		blx	r3
 310              	.LVL19:
 311              		.loc 1 120 1 is_stmt 0 view .LVU79
 312 0024 F1E7     		b	.L13
 313              	.L18:
 314 0026 00BF     		.align	2
 315              	.L17:
 316 0028 00380140 		.word	1073821696
 317 002c 00100240 		.word	1073876992
 318 0030 000C0140 		.word	1073810432
 319 0034 00000000 		.word	HAL_GPIO_DeInit
 320 0038 00000000 		.word	HAL_NVIC_DisableIRQ
 321              		.cfi_endproc
 322              	.LFE67:
 324              		.global	huart1
 325              		.section	.bss.huart1,"aw",%nobits
 326              		.align	2
 327              		.set	.LANCHOR0,. + 0
 330              	huart1:
 331 0000 00000000 		.space	68
 331      00000000 
 331      00000000 
 331      00000000 
 331      00000000 
 332              		.text
 333              	.Letext0:
 334              		.file 2 "../d:\\faks\\4. godina\\7.semestar\\mips\\gnu mcu\\arm-none-eabi-gcc-10.2.1-1.1\\arm-none
 335              		.file 3 "../d:\\faks\\4. godina\\7.semestar\\mips\\gnu mcu\\arm-none-eabi-gcc-10.2.1-1.1\\arm-none
 336              		.file 4 "../Drivers/CMSIS/Device/ST/STM32F1xx/Include/stm32f103x6.h"
 337              		.file 5 "../Drivers/STM32F1xx_HAL_Driver/Inc/stm32f1xx_hal_def.h"
 338              		.file 6 "../Drivers/STM32F1xx_HAL_Driver/Inc/stm32f1xx_hal_gpio.h"
 339              		.file 7 "../Drivers/STM32F1xx_HAL_Driver/Inc/stm32f1xx_hal_dma.h"
 340              		.file 8 "../Drivers/STM32F1xx_HAL_Driver/Inc/stm32f1xx_hal_uart.h"
 341              		.file 9 "../Core/Inc/usart.h"
 342              		.file 10 "../Drivers/STM32F1xx_HAL_Driver/Inc/stm32f1xx_hal_cortex.h"
 343              		.file 11 "../Core/Inc/main.h"
ARM GAS  C:\Users\Nikola\AppData\Local\Temp\cc0X5X7M.s 			page 7


DEFINED SYMBOLS
                            *ABS*:0000000000000000 usart.c
C:\Users\Nikola\AppData\Local\Temp\cc0X5X7M.s:16     .text.MX_USART1_UART_Init:0000000000000000 $t
C:\Users\Nikola\AppData\Local\Temp\cc0X5X7M.s:24     .text.MX_USART1_UART_Init:0000000000000000 MX_USART1_UART_Init
C:\Users\Nikola\AppData\Local\Temp\cc0X5X7M.s:86     .text.MX_USART1_UART_Init:0000000000000030 $d
C:\Users\Nikola\AppData\Local\Temp\cc0X5X7M.s:94     .text.HAL_UART_MspInit:0000000000000000 $t
C:\Users\Nikola\AppData\Local\Temp\cc0X5X7M.s:101    .text.HAL_UART_MspInit:0000000000000000 HAL_UART_MspInit
C:\Users\Nikola\AppData\Local\Temp\cc0X5X7M.s:250    .text.HAL_UART_MspInit:0000000000000088 $d
C:\Users\Nikola\AppData\Local\Temp\cc0X5X7M.s:260    .text.HAL_UART_MspDeInit:0000000000000000 $t
C:\Users\Nikola\AppData\Local\Temp\cc0X5X7M.s:267    .text.HAL_UART_MspDeInit:0000000000000000 HAL_UART_MspDeInit
C:\Users\Nikola\AppData\Local\Temp\cc0X5X7M.s:316    .text.HAL_UART_MspDeInit:0000000000000028 $d
C:\Users\Nikola\AppData\Local\Temp\cc0X5X7M.s:330    .bss.huart1:0000000000000000 huart1
C:\Users\Nikola\AppData\Local\Temp\cc0X5X7M.s:326    .bss.huart1:0000000000000000 $d

UNDEFINED SYMBOLS
HAL_UART_Init
Error_Handler
HAL_GPIO_Init
HAL_NVIC_SetPriority
HAL_NVIC_EnableIRQ
HAL_GPIO_DeInit
HAL_NVIC_DisableIRQ
